{"uid":"7be10a6c5d9198bf","name":"testSuccessfulReportSubmission","fullName":"tests.TestTutorTest.testSuccessfulReportSubmission","historyId":"4c4e0ed94781df3e4d82fab68a6ec880","time":{"start":1706411310952,"stop":1706411315800,"duration":4848},"status":"broken","statusMessage":"Error {\n  message='Error: strict mode violation: locator(\".ReactModalPortal div:has(svg) span\") resolved to 2 elements:\n    1) <span class=\"sc-iBkjds gpMBxJ sc-fJoEar ivteeS\">Sending error</span> aka getByText(\"Sending error\")\n    2) <span class=\"sc-iBkjds gpMBxJ sc-bQRcPC klVndr\">Try again later</span> aka getByText(\"Try again later\")\n\n=========================== logs ===========================\nLocator.expect with timeout 5000ms\nwaiting for locator(\".ReactModalPortal div:has(svg) span\")\n============================================================\n  name='Error\n  stack='Error: Error: strict mode violation: locator(\".ReactModalPortal div:has(svg) span\") resolved to 2 elements:\n    1) <span class=\"sc-iBkjds gpMBxJ sc-fJoEar ivteeS\">Sending error</span> aka getByText(\"Sending error\")\n    2) <span class=\"sc-iBkjds gpMBxJ sc-bQRcPC klVndr\">Try again later</span> aka getByText(\"Try again later\")\n\n=========================== logs ===========================\nLocator.expect with timeout 5000ms\nwaiting for locator(\".ReactModalPortal div:has(svg) span\")\n============================================================\n    at CRExecutionContext.evaluateWithArguments (/tmp/playwright-java-15624097036377007091/package/lib/server/chromium/crExecutionContext.js:92:33)\n    at async LongStandingScope._race (/tmp/playwright-java-15624097036377007091/package/lib/utils/manualPromise.js:98:14)\n    at async evaluateExpression (/tmp/playwright-java-15624097036377007091/package/lib/server/javascript.js:241:12)\n    at async /tmp/playwright-java-15624097036377007091/package/lib/server/frames.js:1241:13\n    at async Frame.retryWithProgressAndTimeouts (/tmp/playwright-java-15624097036377007091/package/lib/server/frames.js:912:24)\n    at async /tmp/playwright-java-15624097036377007091/package/lib/server/frames.js:1219:14\n    at async ProgressController.run (/tmp/playwright-java-15624097036377007091/package/lib/server/progress.js:92:22)\n    at async Frame.expect (/tmp/playwright-java-15624097036377007091/package/lib/server/frames.js:1198:27)\n    at async FrameDispatcher.expect (/tmp/playwright-java-15624097036377007091/package/lib/server/dispatchers/frameDispatcher.js:289:20)\n    at async DispatcherConnection.dispatch (/tmp/playwright-java-15624097036377007091/package/lib/server/dispatchers/dispatcher.js:346:22)\n}","statusTrace":"com.microsoft.playwright.PlaywrightException: Error {\n  message='Error: strict mode violation: locator(\".ReactModalPortal div:has(svg) span\") resolved to 2 elements:\n    1) <span class=\"sc-iBkjds gpMBxJ sc-fJoEar ivteeS\">Sending error</span> aka getByText(\"Sending error\")\n    2) <span class=\"sc-iBkjds gpMBxJ sc-bQRcPC klVndr\">Try again later</span> aka getByText(\"Try again later\")\n\n=========================== logs ===========================\nLocator.expect with timeout 5000ms\nwaiting for locator(\".ReactModalPortal div:has(svg) span\")\n============================================================\n  name='Error\n  stack='Error: Error: strict mode violation: locator(\".ReactModalPortal div:has(svg) span\") resolved to 2 elements:\n    1) <span class=\"sc-iBkjds gpMBxJ sc-fJoEar ivteeS\">Sending error</span> aka getByText(\"Sending error\")\n    2) <span class=\"sc-iBkjds gpMBxJ sc-bQRcPC klVndr\">Try again later</span> aka getByText(\"Try again later\")\n\n=========================== logs ===========================\nLocator.expect with timeout 5000ms\nwaiting for locator(\".ReactModalPortal div:has(svg) span\")\n============================================================\n    at CRExecutionContext.evaluateWithArguments (/tmp/playwright-java-15624097036377007091/package/lib/server/chromium/crExecutionContext.js:92:33)\n    at async LongStandingScope._race (/tmp/playwright-java-15624097036377007091/package/lib/utils/manualPromise.js:98:14)\n    at async evaluateExpression (/tmp/playwright-java-15624097036377007091/package/lib/server/javascript.js:241:12)\n    at async /tmp/playwright-java-15624097036377007091/package/lib/server/frames.js:1241:13\n    at async Frame.retryWithProgressAndTimeouts (/tmp/playwright-java-15624097036377007091/package/lib/server/frames.js:912:24)\n    at async /tmp/playwright-java-15624097036377007091/package/lib/server/frames.js:1219:14\n    at async ProgressController.run (/tmp/playwright-java-15624097036377007091/package/lib/server/progress.js:92:22)\n    at async Frame.expect (/tmp/playwright-java-15624097036377007091/package/lib/server/frames.js:1198:27)\n    at async FrameDispatcher.expect (/tmp/playwright-java-15624097036377007091/package/lib/server/dispatchers/frameDispatcher.js:289:20)\n    at async DispatcherConnection.dispatch (/tmp/playwright-java-15624097036377007091/package/lib/server/dispatchers/dispatcher.js:346:22)\n}\n\tat com.microsoft.playwright.impl.WaitableResult.get(WaitableResult.java:54)\n\tat com.microsoft.playwright.impl.ChannelOwner.runUntil(ChannelOwner.java:120)\n\tat com.microsoft.playwright.impl.Connection.sendMessage(Connection.java:126)\n\tat com.microsoft.playwright.impl.ChannelOwner.sendMessage(ChannelOwner.java:106)\n\tat com.microsoft.playwright.impl.LocatorImpl.expectImpl(LocatorImpl.java:620)\n\tat com.microsoft.playwright.impl.LocatorImpl.lambda$expect$8(LocatorImpl.java:603)\n\tat com.microsoft.playwright.impl.LoggingSupport.withLogging(LoggingSupport.java:47)\n\tat com.microsoft.playwright.impl.ChannelOwner.withLogging(ChannelOwner.java:89)\n\tat com.microsoft.playwright.impl.LocatorImpl.expect(LocatorImpl.java:603)\n\tat com.microsoft.playwright.impl.AssertionsBase.expectImpl(AssertionsBase.java:60)\n\tat com.microsoft.playwright.impl.AssertionsBase.expectImpl(AssertionsBase.java:50)\n\tat com.microsoft.playwright.impl.LocatorAssertionsImpl.expectTrue(LocatorAssertionsImpl.java:352)\n\tat com.microsoft.playwright.impl.LocatorAssertionsImpl.isVisible(LocatorAssertionsImpl.java:347)\n\tat com.microsoft.playwright.assertions.LocatorAssertions.isVisible(LocatorAssertions.java:685)\n\tat tests.TestTutorTest.testSuccessfulReportSubmission(TestTutorTest.java:79)\n\tat java.base/jdk.internal.reflect.NativeMethodAccessorImpl.invoke0(Native Method)\n\tat java.base/jdk.internal.reflect.NativeMethodAccessorImpl.invoke(NativeMethodAccessorImpl.java:77)\n\tat java.base/jdk.internal.reflect.DelegatingMethodAccessorImpl.invoke(DelegatingMethodAccessorImpl.java:43)\n\tat java.base/java.lang.reflect.Method.invoke(Method.java:568)\n\tat org.testng.internal.invokers.MethodInvocationHelper.invokeMethod(MethodInvocationHelper.java:139)\n\tat org.testng.internal.invokers.TestInvoker.invokeMethod(TestInvoker.java:664)\n\tat org.testng.internal.invokers.TestInvoker.invokeTestMethod(TestInvoker.java:227)\n\tat org.testng.internal.invokers.MethodRunner.runInSequence(MethodRunner.java:50)\n\tat org.testng.internal.invokers.TestInvoker$MethodInvocationAgent.invoke(TestInvoker.java:957)\n\tat org.testng.internal.invokers.TestInvoker.invokeTestMethods(TestInvoker.java:200)\n\tat org.testng.internal.invokers.TestMethodWorker.invokeTestMethods(TestMethodWorker.java:148)\n\tat org.testng.internal.invokers.TestMethodWorker.run(TestMethodWorker.java:128)\n\tat java.base/java.util.ArrayList.forEach(ArrayList.java:1511)\n\tat org.testng.TestRunner.privateRun(TestRunner.java:848)\n\tat org.testng.TestRunner.run(TestRunner.java:621)\n\tat org.testng.SuiteRunner.runTest(SuiteRunner.java:443)\n\tat org.testng.SuiteRunner.runSequentially(SuiteRunner.java:437)\n\tat org.testng.SuiteRunner.privateRun(SuiteRunner.java:397)\n\tat org.testng.SuiteRunner.run(SuiteRunner.java:336)\n\tat org.testng.SuiteRunnerWorker.runSuite(SuiteRunnerWorker.java:52)\n\tat org.testng.SuiteRunnerWorker.run(SuiteRunnerWorker.java:95)\n\tat org.testng.TestNG.runSuitesSequentially(TestNG.java:1280)\n\tat org.testng.TestNG.runSuitesLocally(TestNG.java:1200)\n\tat org.testng.TestNG.runSuites(TestNG.java:1114)\n\tat org.testng.TestNG.run(TestNG.java:1082)\n\tat org.apache.maven.surefire.testng.TestNGExecutor.run(TestNGExecutor.java:135)\n\tat org.apache.maven.surefire.testng.TestNGDirectoryTestSuite.executeMulti(TestNGDirectoryTestSuite.java:193)\n\tat org.apache.maven.surefire.testng.TestNGDirectoryTestSuite.execute(TestNGDirectoryTestSuite.java:94)\n\tat org.apache.maven.surefire.testng.TestNGProvider.invoke(TestNGProvider.java:146)\n\tat org.apache.maven.surefire.booter.ForkedBooter.invokeProviderInSameClassLoader(ForkedBooter.java:386)\n\tat org.apache.maven.surefire.booter.ForkedBooter.runSuitesInProcess(ForkedBooter.java:323)\n\tat org.apache.maven.surefire.booter.ForkedBooter.main(ForkedBooter.java:143)\nCaused by: com.microsoft.playwright.impl.DriverException: Error {\n  message='Error: strict mode violation: locator(\".ReactModalPortal div:has(svg) span\") resolved to 2 elements:\n    1) <span class=\"sc-iBkjds gpMBxJ sc-fJoEar ivteeS\">Sending error</span> aka getByText(\"Sending error\")\n    2) <span class=\"sc-iBkjds gpMBxJ sc-bQRcPC klVndr\">Try again later</span> aka getByText(\"Try again later\")\n\n=========================== logs ===========================\nLocator.expect with timeout 5000ms\nwaiting for locator(\".ReactModalPortal div:has(svg) span\")\n============================================================\n  name='Error\n  stack='Error: Error: strict mode violation: locator(\".ReactModalPortal div:has(svg) span\") resolved to 2 elements:\n    1) <span class=\"sc-iBkjds gpMBxJ sc-fJoEar ivteeS\">Sending error</span> aka getByText(\"Sending error\")\n    2) <span class=\"sc-iBkjds gpMBxJ sc-bQRcPC klVndr\">Try again later</span> aka getByText(\"Try again later\")\n\n=========================== logs ===========================\nLocator.expect with timeout 5000ms\nwaiting for locator(\".ReactModalPortal div:has(svg) span\")\n============================================================\n    at CRExecutionContext.evaluateWithArguments (/tmp/playwright-java-15624097036377007091/package/lib/server/chromium/crExecutionContext.js:92:33)\n    at async LongStandingScope._race (/tmp/playwright-java-15624097036377007091/package/lib/utils/manualPromise.js:98:14)\n    at async evaluateExpression (/tmp/playwright-java-15624097036377007091/package/lib/server/javascript.js:241:12)\n    at async /tmp/playwright-java-15624097036377007091/package/lib/server/frames.js:1241:13\n    at async Frame.retryWithProgressAndTimeouts (/tmp/playwright-java-15624097036377007091/package/lib/server/frames.js:912:24)\n    at async /tmp/playwright-java-15624097036377007091/package/lib/server/frames.js:1219:14\n    at async ProgressController.run (/tmp/playwright-java-15624097036377007091/package/lib/server/progress.js:92:22)\n    at async Frame.expect (/tmp/playwright-java-15624097036377007091/package/lib/server/frames.js:1198:27)\n    at async FrameDispatcher.expect (/tmp/playwright-java-15624097036377007091/package/lib/server/dispatchers/frameDispatcher.js:289:20)\n    at async DispatcherConnection.dispatch (/tmp/playwright-java-15624097036377007091/package/lib/server/dispatchers/dispatcher.js:346:22)\n}\n\tat com.microsoft.playwright.impl.Connection.dispatch(Connection.java:226)\n\tat com.microsoft.playwright.impl.Connection.processOneMessage(Connection.java:206)\n\tat com.microsoft.playwright.impl.ChannelOwner.runUntil(ChannelOwner.java:118)\n\t... 45 more\n","flaky":false,"newFailed":false,"newBroken":false,"newPassed":false,"retriesCount":0,"retriesStatusChange":false,"beforeStages":[{"name":"createContextAndPage","time":{"start":1706411307195,"stop":1706411310950,"duration":3755},"description":"","status":"passed","steps":[],"attachments":[],"parameters":[],"shouldDisplayMessage":false,"stepsCount":0,"attachmentsCount":0,"hasContent":false,"attachmentStep":false}],"testStage":{"status":"broken","statusMessage":"Error {\n  message='Error: strict mode violation: locator(\".ReactModalPortal div:has(svg) span\") resolved to 2 elements:\n    1) <span class=\"sc-iBkjds gpMBxJ sc-fJoEar ivteeS\">Sending error</span> aka getByText(\"Sending error\")\n    2) <span class=\"sc-iBkjds gpMBxJ sc-bQRcPC klVndr\">Try again later</span> aka getByText(\"Try again later\")\n\n=========================== logs ===========================\nLocator.expect with timeout 5000ms\nwaiting for locator(\".ReactModalPortal div:has(svg) span\")\n============================================================\n  name='Error\n  stack='Error: Error: strict mode violation: locator(\".ReactModalPortal div:has(svg) span\") resolved to 2 elements:\n    1) <span class=\"sc-iBkjds gpMBxJ sc-fJoEar ivteeS\">Sending error</span> aka getByText(\"Sending error\")\n    2) <span class=\"sc-iBkjds gpMBxJ sc-bQRcPC klVndr\">Try again later</span> aka getByText(\"Try again later\")\n\n=========================== logs ===========================\nLocator.expect with timeout 5000ms\nwaiting for locator(\".ReactModalPortal div:has(svg) span\")\n============================================================\n    at CRExecutionContext.evaluateWithArguments (/tmp/playwright-java-15624097036377007091/package/lib/server/chromium/crExecutionContext.js:92:33)\n    at async LongStandingScope._race (/tmp/playwright-java-15624097036377007091/package/lib/utils/manualPromise.js:98:14)\n    at async evaluateExpression (/tmp/playwright-java-15624097036377007091/package/lib/server/javascript.js:241:12)\n    at async /tmp/playwright-java-15624097036377007091/package/lib/server/frames.js:1241:13\n    at async Frame.retryWithProgressAndTimeouts (/tmp/playwright-java-15624097036377007091/package/lib/server/frames.js:912:24)\n    at async /tmp/playwright-java-15624097036377007091/package/lib/server/frames.js:1219:14\n    at async ProgressController.run (/tmp/playwright-java-15624097036377007091/package/lib/server/progress.js:92:22)\n    at async Frame.expect (/tmp/playwright-java-15624097036377007091/package/lib/server/frames.js:1198:27)\n    at async FrameDispatcher.expect (/tmp/playwright-java-15624097036377007091/package/lib/server/dispatchers/frameDispatcher.js:289:20)\n    at async DispatcherConnection.dispatch (/tmp/playwright-java-15624097036377007091/package/lib/server/dispatchers/dispatcher.js:346:22)\n}","statusTrace":"com.microsoft.playwright.PlaywrightException: Error {\n  message='Error: strict mode violation: locator(\".ReactModalPortal div:has(svg) span\") resolved to 2 elements:\n    1) <span class=\"sc-iBkjds gpMBxJ sc-fJoEar ivteeS\">Sending error</span> aka getByText(\"Sending error\")\n    2) <span class=\"sc-iBkjds gpMBxJ sc-bQRcPC klVndr\">Try again later</span> aka getByText(\"Try again later\")\n\n=========================== logs ===========================\nLocator.expect with timeout 5000ms\nwaiting for locator(\".ReactModalPortal div:has(svg) span\")\n============================================================\n  name='Error\n  stack='Error: Error: strict mode violation: locator(\".ReactModalPortal div:has(svg) span\") resolved to 2 elements:\n    1) <span class=\"sc-iBkjds gpMBxJ sc-fJoEar ivteeS\">Sending error</span> aka getByText(\"Sending error\")\n    2) <span class=\"sc-iBkjds gpMBxJ sc-bQRcPC klVndr\">Try again later</span> aka getByText(\"Try again later\")\n\n=========================== logs ===========================\nLocator.expect with timeout 5000ms\nwaiting for locator(\".ReactModalPortal div:has(svg) span\")\n============================================================\n    at CRExecutionContext.evaluateWithArguments (/tmp/playwright-java-15624097036377007091/package/lib/server/chromium/crExecutionContext.js:92:33)\n    at async LongStandingScope._race (/tmp/playwright-java-15624097036377007091/package/lib/utils/manualPromise.js:98:14)\n    at async evaluateExpression (/tmp/playwright-java-15624097036377007091/package/lib/server/javascript.js:241:12)\n    at async /tmp/playwright-java-15624097036377007091/package/lib/server/frames.js:1241:13\n    at async Frame.retryWithProgressAndTimeouts (/tmp/playwright-java-15624097036377007091/package/lib/server/frames.js:912:24)\n    at async /tmp/playwright-java-15624097036377007091/package/lib/server/frames.js:1219:14\n    at async ProgressController.run (/tmp/playwright-java-15624097036377007091/package/lib/server/progress.js:92:22)\n    at async Frame.expect (/tmp/playwright-java-15624097036377007091/package/lib/server/frames.js:1198:27)\n    at async FrameDispatcher.expect (/tmp/playwright-java-15624097036377007091/package/lib/server/dispatchers/frameDispatcher.js:289:20)\n    at async DispatcherConnection.dispatch (/tmp/playwright-java-15624097036377007091/package/lib/server/dispatchers/dispatcher.js:346:22)\n}\n\tat com.microsoft.playwright.impl.WaitableResult.get(WaitableResult.java:54)\n\tat com.microsoft.playwright.impl.ChannelOwner.runUntil(ChannelOwner.java:120)\n\tat com.microsoft.playwright.impl.Connection.sendMessage(Connection.java:126)\n\tat com.microsoft.playwright.impl.ChannelOwner.sendMessage(ChannelOwner.java:106)\n\tat com.microsoft.playwright.impl.LocatorImpl.expectImpl(LocatorImpl.java:620)\n\tat com.microsoft.playwright.impl.LocatorImpl.lambda$expect$8(LocatorImpl.java:603)\n\tat com.microsoft.playwright.impl.LoggingSupport.withLogging(LoggingSupport.java:47)\n\tat com.microsoft.playwright.impl.ChannelOwner.withLogging(ChannelOwner.java:89)\n\tat com.microsoft.playwright.impl.LocatorImpl.expect(LocatorImpl.java:603)\n\tat com.microsoft.playwright.impl.AssertionsBase.expectImpl(AssertionsBase.java:60)\n\tat com.microsoft.playwright.impl.AssertionsBase.expectImpl(AssertionsBase.java:50)\n\tat com.microsoft.playwright.impl.LocatorAssertionsImpl.expectTrue(LocatorAssertionsImpl.java:352)\n\tat com.microsoft.playwright.impl.LocatorAssertionsImpl.isVisible(LocatorAssertionsImpl.java:347)\n\tat com.microsoft.playwright.assertions.LocatorAssertions.isVisible(LocatorAssertions.java:685)\n\tat tests.TestTutorTest.testSuccessfulReportSubmission(TestTutorTest.java:79)\n\tat java.base/jdk.internal.reflect.NativeMethodAccessorImpl.invoke0(Native Method)\n\tat java.base/jdk.internal.reflect.NativeMethodAccessorImpl.invoke(NativeMethodAccessorImpl.java:77)\n\tat java.base/jdk.internal.reflect.DelegatingMethodAccessorImpl.invoke(DelegatingMethodAccessorImpl.java:43)\n\tat java.base/java.lang.reflect.Method.invoke(Method.java:568)\n\tat org.testng.internal.invokers.MethodInvocationHelper.invokeMethod(MethodInvocationHelper.java:139)\n\tat org.testng.internal.invokers.TestInvoker.invokeMethod(TestInvoker.java:664)\n\tat org.testng.internal.invokers.TestInvoker.invokeTestMethod(TestInvoker.java:227)\n\tat org.testng.internal.invokers.MethodRunner.runInSequence(MethodRunner.java:50)\n\tat org.testng.internal.invokers.TestInvoker$MethodInvocationAgent.invoke(TestInvoker.java:957)\n\tat org.testng.internal.invokers.TestInvoker.invokeTestMethods(TestInvoker.java:200)\n\tat org.testng.internal.invokers.TestMethodWorker.invokeTestMethods(TestMethodWorker.java:148)\n\tat org.testng.internal.invokers.TestMethodWorker.run(TestMethodWorker.java:128)\n\tat java.base/java.util.ArrayList.forEach(ArrayList.java:1511)\n\tat org.testng.TestRunner.privateRun(TestRunner.java:848)\n\tat org.testng.TestRunner.run(TestRunner.java:621)\n\tat org.testng.SuiteRunner.runTest(SuiteRunner.java:443)\n\tat org.testng.SuiteRunner.runSequentially(SuiteRunner.java:437)\n\tat org.testng.SuiteRunner.privateRun(SuiteRunner.java:397)\n\tat org.testng.SuiteRunner.run(SuiteRunner.java:336)\n\tat org.testng.SuiteRunnerWorker.runSuite(SuiteRunnerWorker.java:52)\n\tat org.testng.SuiteRunnerWorker.run(SuiteRunnerWorker.java:95)\n\tat org.testng.TestNG.runSuitesSequentially(TestNG.java:1280)\n\tat org.testng.TestNG.runSuitesLocally(TestNG.java:1200)\n\tat org.testng.TestNG.runSuites(TestNG.java:1114)\n\tat org.testng.TestNG.run(TestNG.java:1082)\n\tat org.apache.maven.surefire.testng.TestNGExecutor.run(TestNGExecutor.java:135)\n\tat org.apache.maven.surefire.testng.TestNGDirectoryTestSuite.executeMulti(TestNGDirectoryTestSuite.java:193)\n\tat org.apache.maven.surefire.testng.TestNGDirectoryTestSuite.execute(TestNGDirectoryTestSuite.java:94)\n\tat org.apache.maven.surefire.testng.TestNGProvider.invoke(TestNGProvider.java:146)\n\tat org.apache.maven.surefire.booter.ForkedBooter.invokeProviderInSameClassLoader(ForkedBooter.java:386)\n\tat org.apache.maven.surefire.booter.ForkedBooter.runSuitesInProcess(ForkedBooter.java:323)\n\tat org.apache.maven.surefire.booter.ForkedBooter.main(ForkedBooter.java:143)\nCaused by: com.microsoft.playwright.impl.DriverException: Error {\n  message='Error: strict mode violation: locator(\".ReactModalPortal div:has(svg) span\") resolved to 2 elements:\n    1) <span class=\"sc-iBkjds gpMBxJ sc-fJoEar ivteeS\">Sending error</span> aka getByText(\"Sending error\")\n    2) <span class=\"sc-iBkjds gpMBxJ sc-bQRcPC klVndr\">Try again later</span> aka getByText(\"Try again later\")\n\n=========================== logs ===========================\nLocator.expect with timeout 5000ms\nwaiting for locator(\".ReactModalPortal div:has(svg) span\")\n============================================================\n  name='Error\n  stack='Error: Error: strict mode violation: locator(\".ReactModalPortal div:has(svg) span\") resolved to 2 elements:\n    1) <span class=\"sc-iBkjds gpMBxJ sc-fJoEar ivteeS\">Sending error</span> aka getByText(\"Sending error\")\n    2) <span class=\"sc-iBkjds gpMBxJ sc-bQRcPC klVndr\">Try again later</span> aka getByText(\"Try again later\")\n\n=========================== logs ===========================\nLocator.expect with timeout 5000ms\nwaiting for locator(\".ReactModalPortal div:has(svg) span\")\n============================================================\n    at CRExecutionContext.evaluateWithArguments (/tmp/playwright-java-15624097036377007091/package/lib/server/chromium/crExecutionContext.js:92:33)\n    at async LongStandingScope._race (/tmp/playwright-java-15624097036377007091/package/lib/utils/manualPromise.js:98:14)\n    at async evaluateExpression (/tmp/playwright-java-15624097036377007091/package/lib/server/javascript.js:241:12)\n    at async /tmp/playwright-java-15624097036377007091/package/lib/server/frames.js:1241:13\n    at async Frame.retryWithProgressAndTimeouts (/tmp/playwright-java-15624097036377007091/package/lib/server/frames.js:912:24)\n    at async /tmp/playwright-java-15624097036377007091/package/lib/server/frames.js:1219:14\n    at async ProgressController.run (/tmp/playwright-java-15624097036377007091/package/lib/server/progress.js:92:22)\n    at async Frame.expect (/tmp/playwright-java-15624097036377007091/package/lib/server/frames.js:1198:27)\n    at async FrameDispatcher.expect (/tmp/playwright-java-15624097036377007091/package/lib/server/dispatchers/frameDispatcher.js:289:20)\n    at async DispatcherConnection.dispatch (/tmp/playwright-java-15624097036377007091/package/lib/server/dispatchers/dispatcher.js:346:22)\n}\n\tat com.microsoft.playwright.impl.Connection.dispatch(Connection.java:226)\n\tat com.microsoft.playwright.impl.Connection.processOneMessage(Connection.java:206)\n\tat com.microsoft.playwright.impl.ChannelOwner.runUntil(ChannelOwner.java:118)\n\t... 45 more\n","steps":[{"name":"Precondition: Start random domain test with 1 question(s).","time":{"start":1706411310952,"stop":1706411313563,"duration":2611},"status":"passed","steps":[{"name":"Click side menu 'Tests'.","time":{"start":1706411311596,"stop":1706411311816,"duration":220},"status":"passed","steps":[],"attachments":[],"parameters":[],"shouldDisplayMessage":false,"stepsCount":0,"attachmentsCount":0,"hasContent":false,"attachmentStep":false},{"name":"Click 'Cansel' button to cancel dialog if visible.","time":{"start":1706411311816,"stop":1706411311826,"duration":10},"status":"passed","steps":[],"attachments":[],"parameters":[],"shouldDisplayMessage":false,"stepsCount":0,"attachmentsCount":0,"hasContent":false,"attachmentStep":false},{"name":"Click 'Domains' button if not active","time":{"start":1706411311826,"stop":1706411312856,"duration":1030},"status":"passed","steps":[],"attachments":[],"parameters":[],"shouldDisplayMessage":false,"stepsCount":0,"attachmentsCount":0,"hasContent":false,"attachmentStep":false},{"name":"Click random checkbox","time":{"start":1706411312856,"stop":1706411312962,"duration":106},"status":"passed","steps":[],"attachments":[],"parameters":[],"shouldDisplayMessage":false,"stepsCount":0,"attachmentsCount":0,"hasContent":false,"attachmentStep":false},{"name":"Set '1' as number of questions","time":{"start":1706411312962,"stop":1706411312990,"duration":28},"status":"passed","steps":[],"attachments":[],"parameters":[{"name":"number","value":"1"}],"shouldDisplayMessage":false,"stepsCount":0,"attachmentsCount":0,"hasContent":true,"attachmentStep":false},{"name":"Click 'Generate and Start' button","time":{"start":1706411312990,"stop":1706411313543,"duration":553},"status":"passed","steps":[],"attachments":[],"parameters":[],"shouldDisplayMessage":false,"stepsCount":0,"attachmentsCount":0,"hasContent":false,"attachmentStep":false}],"attachments":[],"parameters":[{"name":"number","value":"1"}],"shouldDisplayMessage":false,"stepsCount":6,"attachmentsCount":0,"hasContent":true,"attachmentStep":false}],"attachments":[],"parameters":[],"shouldDisplayMessage":true,"stepsCount":7,"attachmentsCount":0,"hasContent":true,"attachmentStep":false},"afterStages":[{"name":"closeContext","time":{"start":1706411315808,"stop":1706411316652,"duration":844},"description":"","status":"broken","statusMessage":"videos/testSuccessfulReportSubmission.webm","statusTrace":"java.nio.file.NoSuchFileException: videos/testSuccessfulReportSubmission.webm\n\tat java.base/sun.nio.fs.UnixException.translateToIOException(UnixException.java:92)\n\tat java.base/sun.nio.fs.UnixException.rethrowAsIOException(UnixException.java:106)\n\tat java.base/sun.nio.fs.UnixException.rethrowAsIOException(UnixException.java:111)\n\tat java.base/sun.nio.fs.UnixFileSystemProvider.newByteChannel(UnixFileSystemProvider.java:218)\n\tat java.base/java.nio.file.Files.newByteChannel(Files.java:380)\n\tat java.base/java.nio.file.Files.newByteChannel(Files.java:432)\n\tat java.base/java.nio.file.Files.readAllBytes(Files.java:3288)\n\tat utils.reports.ReportUtils.addVideoAndTracingToAllureReportForCIFailure(ReportUtils.java:109)\n\tat tests.BaseTest.closeContext(BaseTest.java:101)\n\tat jdk.internal.reflect.GeneratedMethodAccessor64.invoke(Unknown Source)\n\tat java.base/jdk.internal.reflect.DelegatingMethodAccessorImpl.invoke(DelegatingMethodAccessorImpl.java:43)\n\tat java.base/java.lang.reflect.Method.invoke(Method.java:568)\n\tat org.testng.internal.invokers.MethodInvocationHelper.invokeMethod(MethodInvocationHelper.java:139)\n\tat org.testng.internal.invokers.MethodInvocationHelper.invokeMethodConsideringTimeout(MethodInvocationHelper.java:69)\n\tat org.testng.internal.invokers.ConfigInvoker.invokeConfigurationMethod(ConfigInvoker.java:390)\n\tat org.testng.internal.invokers.ConfigInvoker.invokeConfigurations(ConfigInvoker.java:325)\n\tat org.testng.internal.invokers.TestInvoker.runConfigMethods(TestInvoker.java:810)\n\tat org.testng.internal.invokers.TestInvoker.runAfterConfigurations(TestInvoker.java:779)\n\tat org.testng.internal.invokers.TestInvoker.invokeMethod(TestInvoker.java:755)\n\tat org.testng.internal.invokers.TestInvoker.invokeTestMethod(TestInvoker.java:227)\n\tat org.testng.internal.invokers.MethodRunner.runInSequence(MethodRunner.java:50)\n\tat org.testng.internal.invokers.TestInvoker$MethodInvocationAgent.invoke(TestInvoker.java:957)\n\tat org.testng.internal.invokers.TestInvoker.invokeTestMethods(TestInvoker.java:200)\n\tat org.testng.internal.invokers.TestMethodWorker.invokeTestMethods(TestMethodWorker.java:148)\n\tat org.testng.internal.invokers.TestMethodWorker.run(TestMethodWorker.java:128)\n\tat java.base/java.util.ArrayList.forEach(ArrayList.java:1511)\n\tat org.testng.TestRunner.privateRun(TestRunner.java:848)\n\tat org.testng.TestRunner.run(TestRunner.java:621)\n\tat org.testng.SuiteRunner.runTest(SuiteRunner.java:443)\n\tat org.testng.SuiteRunner.runSequentially(SuiteRunner.java:437)\n\tat org.testng.SuiteRunner.privateRun(SuiteRunner.java:397)\n\tat org.testng.SuiteRunner.run(SuiteRunner.java:336)\n\tat org.testng.SuiteRunnerWorker.runSuite(SuiteRunnerWorker.java:52)\n\tat org.testng.SuiteRunnerWorker.run(SuiteRunnerWorker.java:95)\n\tat org.testng.TestNG.runSuitesSequentially(TestNG.java:1280)\n\tat org.testng.TestNG.runSuitesLocally(TestNG.java:1200)\n\tat org.testng.TestNG.runSuites(TestNG.java:1114)\n\tat org.testng.TestNG.run(TestNG.java:1082)\n\tat org.apache.maven.surefire.testng.TestNGExecutor.run(TestNGExecutor.java:135)\n\tat org.apache.maven.surefire.testng.TestNGDirectoryTestSuite.executeMulti(TestNGDirectoryTestSuite.java:193)\n\tat org.apache.maven.surefire.testng.TestNGDirectoryTestSuite.execute(TestNGDirectoryTestSuite.java:94)\n\tat org.apache.maven.surefire.testng.TestNGProvider.invoke(TestNGProvider.java:146)\n\tat org.apache.maven.surefire.booter.ForkedBooter.invokeProviderInSameClassLoader(ForkedBooter.java:386)\n\tat org.apache.maven.surefire.booter.ForkedBooter.runSuitesInProcess(ForkedBooter.java:323)\n\tat org.apache.maven.surefire.booter.ForkedBooter.main(ForkedBooter.java:143)\n","steps":[],"attachments":[{"uid":"24608018b708d165","name":"screenshot","source":"24608018b708d165.png","type":"image/png","size":44227}],"parameters":[],"shouldDisplayMessage":true,"stepsCount":0,"attachmentsCount":1,"hasContent":true,"attachmentStep":false}],"labels":[{"name":"package","value":"tests.TestTutorTest"},{"name":"testClass","value":"tests.TestTutorTest"},{"name":"testMethod","value":"testSuccessfulReportSubmission"},{"name":"parentSuite","value":"Surefire suite"},{"name":"suite","value":"Surefire test"},{"name":"subSuite","value":"tests.TestTutorTest"},{"name":"host","value":"fv-az1116-250"},{"name":"thread","value":"4745@fv-az1116-250.main(1)"},{"name":"framework","value":"testng"},{"name":"language","value":"java"},{"name":"resultFormat","value":"allure2"}],"parameters":[],"links":[],"hidden":false,"retry":false,"extra":{"severity":"normal","retries":[],"categories":[{"name":"Test defects","matchedStatuses":[],"flaky":false}],"tags":[]},"source":"7be10a6c5d9198bf.json","parameterValues":[]}