{"uid":"badd94a66f441253","name":"TC1343-02 - Verification of Text in the 'Streaks' Modal Window","fullName":"tests.NewCustomerTest.testStreaksModalWindowTextVerification","historyId":"acebfdf3d633637dbe64f0d8a99fcfbc","time":{"start":1706585815018,"stop":1706585815018,"duration":0},"status":"skipped","statusMessage":"Failed to read storage state from file","statusTrace":"com.microsoft.playwright.PlaywrightException: Failed to read storage state from file\n\tat com.microsoft.playwright.impl.BrowserImpl.newContextImpl(BrowserImpl.java:131)\n\tat com.microsoft.playwright.impl.BrowserImpl.lambda$newContext$1(BrowserImpl.java:115)\n\tat com.microsoft.playwright.impl.LoggingSupport.withLogging(LoggingSupport.java:47)\n\tat com.microsoft.playwright.impl.ChannelOwner.withLogging(ChannelOwner.java:89)\n\tat com.microsoft.playwright.impl.BrowserImpl.newContext(BrowserImpl.java:115)\n\tat com.microsoft.playwright.impl.BrowserImpl.newContext(BrowserImpl.java:37)\n\tat utils.runner.BrowserManager.createContextWithCookies(BrowserManager.java:46)\n\tat tests.NewCustomerTest.createContextAndPage(NewCustomerTest.java:74)\n\tat java.base/jdk.internal.reflect.NativeMethodAccessorImpl.invoke0(Native Method)\n\tat java.base/jdk.internal.reflect.NativeMethodAccessorImpl.invoke(NativeMethodAccessorImpl.java:77)\n\tat java.base/jdk.internal.reflect.DelegatingMethodAccessorImpl.invoke(DelegatingMethodAccessorImpl.java:43)\n\tat java.base/java.lang.reflect.Method.invoke(Method.java:568)\n\tat org.testng.internal.invokers.MethodInvocationHelper.invokeMethod(MethodInvocationHelper.java:139)\n\tat org.testng.internal.invokers.MethodInvocationHelper.invokeMethodConsideringTimeout(MethodInvocationHelper.java:69)\n\tat org.testng.internal.invokers.ConfigInvoker.invokeConfigurationMethod(ConfigInvoker.java:390)\n\tat org.testng.internal.invokers.ConfigInvoker.invokeConfigurations(ConfigInvoker.java:325)\n\tat org.testng.internal.invokers.TestInvoker.runConfigMethods(TestInvoker.java:810)\n\tat org.testng.internal.invokers.TestInvoker.invokeMethod(TestInvoker.java:577)\n\tat org.testng.internal.invokers.TestInvoker.invokeTestMethod(TestInvoker.java:227)\n\tat org.testng.internal.invokers.MethodRunner.runInSequence(MethodRunner.java:50)\n\tat org.testng.internal.invokers.TestInvoker$MethodInvocationAgent.invoke(TestInvoker.java:957)\n\tat org.testng.internal.invokers.TestInvoker.invokeTestMethods(TestInvoker.java:200)\n\tat org.testng.internal.invokers.TestMethodWorker.invokeTestMethods(TestMethodWorker.java:148)\n\tat org.testng.internal.invokers.TestMethodWorker.run(TestMethodWorker.java:128)\n\tat java.base/java.util.ArrayList.forEach(ArrayList.java:1511)\n\tat org.testng.TestRunner.privateRun(TestRunner.java:848)\n\tat org.testng.TestRunner.run(TestRunner.java:621)\n\tat org.testng.SuiteRunner.runTest(SuiteRunner.java:443)\n\tat org.testng.SuiteRunner.runSequentially(SuiteRunner.java:437)\n\tat org.testng.SuiteRunner.privateRun(SuiteRunner.java:397)\n\tat org.testng.SuiteRunner.run(SuiteRunner.java:336)\n\tat org.testng.SuiteRunnerWorker.runSuite(SuiteRunnerWorker.java:52)\n\tat org.testng.SuiteRunnerWorker.run(SuiteRunnerWorker.java:95)\n\tat org.testng.TestNG.runSuitesSequentially(TestNG.java:1280)\n\tat org.testng.TestNG.runSuitesLocally(TestNG.java:1200)\n\tat org.testng.TestNG.runSuites(TestNG.java:1114)\n\tat org.testng.TestNG.run(TestNG.java:1082)\n\tat org.apache.maven.surefire.testng.TestNGExecutor.run(TestNGExecutor.java:135)\n\tat org.apache.maven.surefire.testng.TestNGDirectoryTestSuite.executeMulti(TestNGDirectoryTestSuite.java:193)\n\tat org.apache.maven.surefire.testng.TestNGDirectoryTestSuite.execute(TestNGDirectoryTestSuite.java:94)\n\tat org.apache.maven.surefire.testng.TestNGProvider.invoke(TestNGProvider.java:146)\n\tat org.apache.maven.surefire.booter.ForkedBooter.invokeProviderInSameClassLoader(ForkedBooter.java:386)\n\tat org.apache.maven.surefire.booter.ForkedBooter.runSuitesInProcess(ForkedBooter.java:323)\n\tat org.apache.maven.surefire.booter.ForkedBooter.main(ForkedBooter.java:143)\nCaused by: java.nio.file.NoSuchFileException: src/test/resources/stateNew.json\n\tat java.base/sun.nio.fs.UnixException.translateToIOException(UnixException.java:92)\n\tat java.base/sun.nio.fs.UnixException.rethrowAsIOException(UnixException.java:106)\n\tat java.base/sun.nio.fs.UnixException.rethrowAsIOException(UnixException.java:111)\n\tat java.base/sun.nio.fs.UnixFileSystemProvider.newByteChannel(UnixFileSystemProvider.java:218)\n\tat java.base/java.nio.file.Files.newByteChannel(Files.java:380)\n\tat java.base/java.nio.file.Files.newByteChannel(Files.java:432)\n\tat java.base/java.nio.file.Files.readAllBytes(Files.java:3288)\n\tat com.microsoft.playwright.impl.BrowserImpl.newContextImpl(BrowserImpl.java:127)\n\t... 43 more\n","flaky":false,"newFailed":false,"newBroken":false,"newPassed":false,"retriesCount":0,"retriesStatusChange":false,"beforeStages":[{"name":"createContextAndPage","time":{"start":1706585815011,"stop":1706585815013,"duration":2},"description":"","status":"broken","statusMessage":"Failed to read storage state from file","statusTrace":"com.microsoft.playwright.PlaywrightException: Failed to read storage state from file\n\tat com.microsoft.playwright.impl.BrowserImpl.newContextImpl(BrowserImpl.java:131)\n\tat com.microsoft.playwright.impl.BrowserImpl.lambda$newContext$1(BrowserImpl.java:115)\n\tat com.microsoft.playwright.impl.LoggingSupport.withLogging(LoggingSupport.java:47)\n\tat com.microsoft.playwright.impl.ChannelOwner.withLogging(ChannelOwner.java:89)\n\tat com.microsoft.playwright.impl.BrowserImpl.newContext(BrowserImpl.java:115)\n\tat com.microsoft.playwright.impl.BrowserImpl.newContext(BrowserImpl.java:37)\n\tat utils.runner.BrowserManager.createContextWithCookies(BrowserManager.java:46)\n\tat tests.NewCustomerTest.createContextAndPage(NewCustomerTest.java:74)\n\tat java.base/jdk.internal.reflect.NativeMethodAccessorImpl.invoke0(Native Method)\n\tat java.base/jdk.internal.reflect.NativeMethodAccessorImpl.invoke(NativeMethodAccessorImpl.java:77)\n\tat java.base/jdk.internal.reflect.DelegatingMethodAccessorImpl.invoke(DelegatingMethodAccessorImpl.java:43)\n\tat java.base/java.lang.reflect.Method.invoke(Method.java:568)\n\tat org.testng.internal.invokers.MethodInvocationHelper.invokeMethod(MethodInvocationHelper.java:139)\n\tat org.testng.internal.invokers.MethodInvocationHelper.invokeMethodConsideringTimeout(MethodInvocationHelper.java:69)\n\tat org.testng.internal.invokers.ConfigInvoker.invokeConfigurationMethod(ConfigInvoker.java:390)\n\tat org.testng.internal.invokers.ConfigInvoker.invokeConfigurations(ConfigInvoker.java:325)\n\tat org.testng.internal.invokers.TestInvoker.runConfigMethods(TestInvoker.java:810)\n\tat org.testng.internal.invokers.TestInvoker.invokeMethod(TestInvoker.java:577)\n\tat org.testng.internal.invokers.TestInvoker.invokeTestMethod(TestInvoker.java:227)\n\tat org.testng.internal.invokers.MethodRunner.runInSequence(MethodRunner.java:50)\n\tat org.testng.internal.invokers.TestInvoker$MethodInvocationAgent.invoke(TestInvoker.java:957)\n\tat org.testng.internal.invokers.TestInvoker.invokeTestMethods(TestInvoker.java:200)\n\tat org.testng.internal.invokers.TestMethodWorker.invokeTestMethods(TestMethodWorker.java:148)\n\tat org.testng.internal.invokers.TestMethodWorker.run(TestMethodWorker.java:128)\n\tat java.base/java.util.ArrayList.forEach(ArrayList.java:1511)\n\tat org.testng.TestRunner.privateRun(TestRunner.java:848)\n\tat org.testng.TestRunner.run(TestRunner.java:621)\n\tat org.testng.SuiteRunner.runTest(SuiteRunner.java:443)\n\tat org.testng.SuiteRunner.runSequentially(SuiteRunner.java:437)\n\tat org.testng.SuiteRunner.privateRun(SuiteRunner.java:397)\n\tat org.testng.SuiteRunner.run(SuiteRunner.java:336)\n\tat org.testng.SuiteRunnerWorker.runSuite(SuiteRunnerWorker.java:52)\n\tat org.testng.SuiteRunnerWorker.run(SuiteRunnerWorker.java:95)\n\tat org.testng.TestNG.runSuitesSequentially(TestNG.java:1280)\n\tat org.testng.TestNG.runSuitesLocally(TestNG.java:1200)\n\tat org.testng.TestNG.runSuites(TestNG.java:1114)\n\tat org.testng.TestNG.run(TestNG.java:1082)\n\tat org.apache.maven.surefire.testng.TestNGExecutor.run(TestNGExecutor.java:135)\n\tat org.apache.maven.surefire.testng.TestNGDirectoryTestSuite.executeMulti(TestNGDirectoryTestSuite.java:193)\n\tat org.apache.maven.surefire.testng.TestNGDirectoryTestSuite.execute(TestNGDirectoryTestSuite.java:94)\n\tat org.apache.maven.surefire.testng.TestNGProvider.invoke(TestNGProvider.java:146)\n\tat org.apache.maven.surefire.booter.ForkedBooter.invokeProviderInSameClassLoader(ForkedBooter.java:386)\n\tat org.apache.maven.surefire.booter.ForkedBooter.runSuitesInProcess(ForkedBooter.java:323)\n\tat org.apache.maven.surefire.booter.ForkedBooter.main(ForkedBooter.java:143)\nCaused by: java.nio.file.NoSuchFileException: src/test/resources/stateNew.json\n\tat java.base/sun.nio.fs.UnixException.translateToIOException(UnixException.java:92)\n\tat java.base/sun.nio.fs.UnixException.rethrowAsIOException(UnixException.java:106)\n\tat java.base/sun.nio.fs.UnixException.rethrowAsIOException(UnixException.java:111)\n\tat java.base/sun.nio.fs.UnixFileSystemProvider.newByteChannel(UnixFileSystemProvider.java:218)\n\tat java.base/java.nio.file.Files.newByteChannel(Files.java:380)\n\tat java.base/java.nio.file.Files.newByteChannel(Files.java:432)\n\tat java.base/java.nio.file.Files.readAllBytes(Files.java:3288)\n\tat com.microsoft.playwright.impl.BrowserImpl.newContextImpl(BrowserImpl.java:127)\n\t... 43 more\n","steps":[],"attachments":[],"parameters":[],"shouldDisplayMessage":true,"stepsCount":0,"attachmentsCount":0,"hasContent":true,"attachmentStep":false}],"afterStages":[{"name":"closeContext","time":{"start":1706585815019,"stop":1706585815019,"duration":0},"description":"","status":"broken","steps":[],"attachments":[],"parameters":[],"shouldDisplayMessage":false,"stepsCount":0,"attachmentsCount":0,"hasContent":false,"attachmentStep":false}],"labels":[{"name":"package","value":"tests.NewCustomerTest"},{"name":"testClass","value":"tests.NewCustomerTest"},{"name":"testMethod","value":"testStreaksModalWindowTextVerification"},{"name":"parentSuite","value":"Surefire suite"},{"name":"suite","value":"Surefire test"},{"name":"subSuite","value":"tests.NewCustomerTest"},{"name":"host","value":"fv-az530-670"},{"name":"thread","value":"4803@fv-az530-670.main(1)"},{"name":"framework","value":"testng"},{"name":"language","value":"java"},{"name":"story","value":"Home Page"},{"name":"resultFormat","value":"allure2"}],"parameters":[],"links":[{"name":"j0y70alubidi","url":"https://docs.google.com/document/d/1wA-chgwZVZ9nqAXFTYoMyFLLejBkwYfkNHCImvvAlMo/edit?pli=1#heading=h.j0y70alubidi","type":"tms"}],"hidden":false,"retry":false,"extra":{"severity":"normal","retries":[],"categories":[],"tags":[]},"source":"badd94a66f441253.json","parameterValues":[]}