{"uid":"499847950dcc86f1","name":"TC1368-01 - Possibility to leave a “Yes” mark.","fullName":"tests.FlashcardPacksTest.testUserCanLeaveYesMark","historyId":"90425207f7e36b99ec314ccd2676dbcb","time":{"start":1706412258965,"stop":1706412264787,"duration":5822},"status":"broken","statusMessage":"Error {\n  message='Error: strict mode violation: locator(\"span\").getByText(\"Yes\") resolved to 2 elements:\n    1) <span class=\"sc-iBkjds gpMBxJ sc-hIkKma eXzdQE\">0 Yes</span> aka getByText(\"0 Yes\")\n    2) <span class=\"sc-iBkjds gpMBxJ sc-EXiSP sc-jttdOI iwOxd…>Yes, this is a test</span> aka getByText(\"Yes, this is a test\")\n\n=========================== logs ===========================\nwaiting for locator(\"span\").getByText(\"Yes\")\n============================================================\n  name='Error\n  stack='Error: Error: strict mode violation: locator(\"span\").getByText(\"Yes\") resolved to 2 elements:\n    1) <span class=\"sc-iBkjds gpMBxJ sc-hIkKma eXzdQE\">0 Yes</span> aka getByText(\"0 Yes\")\n    2) <span class=\"sc-iBkjds gpMBxJ sc-EXiSP sc-jttdOI iwOxd…>Yes, this is a test</span> aka getByText(\"Yes, this is a test\")\n\n=========================== logs ===========================\nwaiting for locator(\"span\").getByText(\"Yes\")\n============================================================\n    at CRExecutionContext.evaluateWithArguments (/tmp/playwright-java-3950008870429231376/package/lib/server/chromium/crExecutionContext.js:92:33)\n    at async LongStandingScope._race (/tmp/playwright-java-3950008870429231376/package/lib/utils/manualPromise.js:98:14)\n    at async evaluateExpression (/tmp/playwright-java-3950008870429231376/package/lib/server/javascript.js:241:12)\n    at async /tmp/playwright-java-3950008870429231376/package/lib/server/frames.js:1408:13\n    at async Frame.retryWithProgressAndTimeouts (/tmp/playwright-java-3950008870429231376/package/lib/server/frames.js:912:24)\n    at async ProgressController.run (/tmp/playwright-java-3950008870429231376/package/lib/server/progress.js:92:22)\n    at async FrameDispatcher.innerText (/tmp/playwright-java-3950008870429231376/package/lib/server/dispatchers/frameDispatcher.js:182:14)\n    at async DispatcherConnection.dispatch (/tmp/playwright-java-3950008870429231376/package/lib/server/dispatchers/dispatcher.js:346:22)\n}","statusTrace":"com.microsoft.playwright.PlaywrightException: Error {\n  message='Error: strict mode violation: locator(\"span\").getByText(\"Yes\") resolved to 2 elements:\n    1) <span class=\"sc-iBkjds gpMBxJ sc-hIkKma eXzdQE\">0 Yes</span> aka getByText(\"0 Yes\")\n    2) <span class=\"sc-iBkjds gpMBxJ sc-EXiSP sc-jttdOI iwOxd…>Yes, this is a test</span> aka getByText(\"Yes, this is a test\")\n\n=========================== logs ===========================\nwaiting for locator(\"span\").getByText(\"Yes\")\n============================================================\n  name='Error\n  stack='Error: Error: strict mode violation: locator(\"span\").getByText(\"Yes\") resolved to 2 elements:\n    1) <span class=\"sc-iBkjds gpMBxJ sc-hIkKma eXzdQE\">0 Yes</span> aka getByText(\"0 Yes\")\n    2) <span class=\"sc-iBkjds gpMBxJ sc-EXiSP sc-jttdOI iwOxd…>Yes, this is a test</span> aka getByText(\"Yes, this is a test\")\n\n=========================== logs ===========================\nwaiting for locator(\"span\").getByText(\"Yes\")\n============================================================\n    at CRExecutionContext.evaluateWithArguments (/tmp/playwright-java-3950008870429231376/package/lib/server/chromium/crExecutionContext.js:92:33)\n    at async LongStandingScope._race (/tmp/playwright-java-3950008870429231376/package/lib/utils/manualPromise.js:98:14)\n    at async evaluateExpression (/tmp/playwright-java-3950008870429231376/package/lib/server/javascript.js:241:12)\n    at async /tmp/playwright-java-3950008870429231376/package/lib/server/frames.js:1408:13\n    at async Frame.retryWithProgressAndTimeouts (/tmp/playwright-java-3950008870429231376/package/lib/server/frames.js:912:24)\n    at async ProgressController.run (/tmp/playwright-java-3950008870429231376/package/lib/server/progress.js:92:22)\n    at async FrameDispatcher.innerText (/tmp/playwright-java-3950008870429231376/package/lib/server/dispatchers/frameDispatcher.js:182:14)\n    at async DispatcherConnection.dispatch (/tmp/playwright-java-3950008870429231376/package/lib/server/dispatchers/dispatcher.js:346:22)\n}\n\tat com.microsoft.playwright.impl.WaitableResult.get(WaitableResult.java:54)\n\tat com.microsoft.playwright.impl.ChannelOwner.runUntil(ChannelOwner.java:120)\n\tat com.microsoft.playwright.impl.Connection.sendMessage(Connection.java:126)\n\tat com.microsoft.playwright.impl.ChannelOwner.sendMessage(ChannelOwner.java:106)\n\tat com.microsoft.playwright.impl.FrameImpl.innerTextImpl(FrameImpl.java:526)\n\tat com.microsoft.playwright.impl.FrameImpl.lambda$innerText$22(FrameImpl.java:517)\n\tat com.microsoft.playwright.impl.LoggingSupport.withLogging(LoggingSupport.java:47)\n\tat com.microsoft.playwright.impl.ChannelOwner.withLogging(ChannelOwner.java:89)\n\tat com.microsoft.playwright.impl.FrameImpl.innerText(FrameImpl.java:517)\n\tat com.microsoft.playwright.impl.LocatorImpl.innerText(LocatorImpl.java:335)\n\tat com.microsoft.playwright.Locator.innerText(Locator.java:3663)\n\tat pages.BaseHeader.getYesCardsAmount(BaseHeader.java:30)\n\tat pages.FlashcardsPackIDPage.getYesCardsAmount(FlashcardsPackIDPage.java:7)\n\tat tests.FlashcardPacksTest.testUserCanLeaveYesMark(FlashcardPacksTest.java:166)\n\tat java.base/jdk.internal.reflect.NativeMethodAccessorImpl.invoke0(Native Method)\n\tat java.base/jdk.internal.reflect.NativeMethodAccessorImpl.invoke(NativeMethodAccessorImpl.java:77)\n\tat java.base/jdk.internal.reflect.DelegatingMethodAccessorImpl.invoke(DelegatingMethodAccessorImpl.java:43)\n\tat java.base/java.lang.reflect.Method.invoke(Method.java:568)\n\tat org.testng.internal.invokers.MethodInvocationHelper.invokeMethod(MethodInvocationHelper.java:139)\n\tat org.testng.internal.invokers.TestInvoker.invokeMethod(TestInvoker.java:664)\n\tat org.testng.internal.invokers.TestInvoker.invokeTestMethod(TestInvoker.java:227)\n\tat org.testng.internal.invokers.MethodRunner.runInSequence(MethodRunner.java:50)\n\tat org.testng.internal.invokers.TestInvoker$MethodInvocationAgent.invoke(TestInvoker.java:957)\n\tat org.testng.internal.invokers.TestInvoker.invokeTestMethods(TestInvoker.java:200)\n\tat org.testng.internal.invokers.TestMethodWorker.invokeTestMethods(TestMethodWorker.java:148)\n\tat org.testng.internal.invokers.TestMethodWorker.run(TestMethodWorker.java:128)\n\tat java.base/java.util.ArrayList.forEach(ArrayList.java:1511)\n\tat org.testng.TestRunner.privateRun(TestRunner.java:848)\n\tat org.testng.TestRunner.run(TestRunner.java:621)\n\tat org.testng.SuiteRunner.runTest(SuiteRunner.java:443)\n\tat org.testng.SuiteRunner.runSequentially(SuiteRunner.java:437)\n\tat org.testng.SuiteRunner.privateRun(SuiteRunner.java:397)\n\tat org.testng.SuiteRunner.run(SuiteRunner.java:336)\n\tat org.testng.SuiteRunnerWorker.runSuite(SuiteRunnerWorker.java:52)\n\tat org.testng.SuiteRunnerWorker.run(SuiteRunnerWorker.java:95)\n\tat org.testng.TestNG.runSuitesSequentially(TestNG.java:1280)\n\tat org.testng.TestNG.runSuitesLocally(TestNG.java:1200)\n\tat org.testng.TestNG.runSuites(TestNG.java:1114)\n\tat org.testng.TestNG.run(TestNG.java:1082)\n\tat org.apache.maven.surefire.testng.TestNGExecutor.run(TestNGExecutor.java:135)\n\tat org.apache.maven.surefire.testng.TestNGDirectoryTestSuite.executeMulti(TestNGDirectoryTestSuite.java:193)\n\tat org.apache.maven.surefire.testng.TestNGDirectoryTestSuite.execute(TestNGDirectoryTestSuite.java:94)\n\tat org.apache.maven.surefire.testng.TestNGProvider.invoke(TestNGProvider.java:146)\n\tat org.apache.maven.surefire.booter.ForkedBooter.invokeProviderInSameClassLoader(ForkedBooter.java:386)\n\tat org.apache.maven.surefire.booter.ForkedBooter.runSuitesInProcess(ForkedBooter.java:323)\n\tat org.apache.maven.surefire.booter.ForkedBooter.main(ForkedBooter.java:143)\nCaused by: com.microsoft.playwright.impl.DriverException: Error {\n  message='Error: strict mode violation: locator(\"span\").getByText(\"Yes\") resolved to 2 elements:\n    1) <span class=\"sc-iBkjds gpMBxJ sc-hIkKma eXzdQE\">0 Yes</span> aka getByText(\"0 Yes\")\n    2) <span class=\"sc-iBkjds gpMBxJ sc-EXiSP sc-jttdOI iwOxd…>Yes, this is a test</span> aka getByText(\"Yes, this is a test\")\n\n=========================== logs ===========================\nwaiting for locator(\"span\").getByText(\"Yes\")\n============================================================\n  name='Error\n  stack='Error: Error: strict mode violation: locator(\"span\").getByText(\"Yes\") resolved to 2 elements:\n    1) <span class=\"sc-iBkjds gpMBxJ sc-hIkKma eXzdQE\">0 Yes</span> aka getByText(\"0 Yes\")\n    2) <span class=\"sc-iBkjds gpMBxJ sc-EXiSP sc-jttdOI iwOxd…>Yes, this is a test</span> aka getByText(\"Yes, this is a test\")\n\n=========================== logs ===========================\nwaiting for locator(\"span\").getByText(\"Yes\")\n============================================================\n    at CRExecutionContext.evaluateWithArguments (/tmp/playwright-java-3950008870429231376/package/lib/server/chromium/crExecutionContext.js:92:33)\n    at async LongStandingScope._race (/tmp/playwright-java-3950008870429231376/package/lib/utils/manualPromise.js:98:14)\n    at async evaluateExpression (/tmp/playwright-java-3950008870429231376/package/lib/server/javascript.js:241:12)\n    at async /tmp/playwright-java-3950008870429231376/package/lib/server/frames.js:1408:13\n    at async Frame.retryWithProgressAndTimeouts (/tmp/playwright-java-3950008870429231376/package/lib/server/frames.js:912:24)\n    at async ProgressController.run (/tmp/playwright-java-3950008870429231376/package/lib/server/progress.js:92:22)\n    at async FrameDispatcher.innerText (/tmp/playwright-java-3950008870429231376/package/lib/server/dispatchers/frameDispatcher.js:182:14)\n    at async DispatcherConnection.dispatch (/tmp/playwright-java-3950008870429231376/package/lib/server/dispatchers/dispatcher.js:346:22)\n}\n\tat com.microsoft.playwright.impl.Connection.dispatch(Connection.java:226)\n\tat com.microsoft.playwright.impl.Connection.processOneMessage(Connection.java:206)\n\tat com.microsoft.playwright.impl.ChannelOwner.runUntil(ChannelOwner.java:118)\n\t... 44 more\n","flaky":false,"newFailed":false,"newBroken":true,"newPassed":false,"retriesCount":0,"retriesStatusChange":false,"beforeStages":[{"name":"createContextAndPage","time":{"start":1706412254195,"stop":1706412258963,"duration":4768},"description":"","status":"passed","steps":[],"attachments":[],"parameters":[],"shouldDisplayMessage":false,"stepsCount":0,"attachmentsCount":0,"hasContent":false,"attachmentStep":false}],"testStage":{"status":"broken","statusMessage":"Error {\n  message='Error: strict mode violation: locator(\"span\").getByText(\"Yes\") resolved to 2 elements:\n    1) <span class=\"sc-iBkjds gpMBxJ sc-hIkKma eXzdQE\">0 Yes</span> aka getByText(\"0 Yes\")\n    2) <span class=\"sc-iBkjds gpMBxJ sc-EXiSP sc-jttdOI iwOxd…>Yes, this is a test</span> aka getByText(\"Yes, this is a test\")\n\n=========================== logs ===========================\nwaiting for locator(\"span\").getByText(\"Yes\")\n============================================================\n  name='Error\n  stack='Error: Error: strict mode violation: locator(\"span\").getByText(\"Yes\") resolved to 2 elements:\n    1) <span class=\"sc-iBkjds gpMBxJ sc-hIkKma eXzdQE\">0 Yes</span> aka getByText(\"0 Yes\")\n    2) <span class=\"sc-iBkjds gpMBxJ sc-EXiSP sc-jttdOI iwOxd…>Yes, this is a test</span> aka getByText(\"Yes, this is a test\")\n\n=========================== logs ===========================\nwaiting for locator(\"span\").getByText(\"Yes\")\n============================================================\n    at CRExecutionContext.evaluateWithArguments (/tmp/playwright-java-3950008870429231376/package/lib/server/chromium/crExecutionContext.js:92:33)\n    at async LongStandingScope._race (/tmp/playwright-java-3950008870429231376/package/lib/utils/manualPromise.js:98:14)\n    at async evaluateExpression (/tmp/playwright-java-3950008870429231376/package/lib/server/javascript.js:241:12)\n    at async /tmp/playwright-java-3950008870429231376/package/lib/server/frames.js:1408:13\n    at async Frame.retryWithProgressAndTimeouts (/tmp/playwright-java-3950008870429231376/package/lib/server/frames.js:912:24)\n    at async ProgressController.run (/tmp/playwright-java-3950008870429231376/package/lib/server/progress.js:92:22)\n    at async FrameDispatcher.innerText (/tmp/playwright-java-3950008870429231376/package/lib/server/dispatchers/frameDispatcher.js:182:14)\n    at async DispatcherConnection.dispatch (/tmp/playwright-java-3950008870429231376/package/lib/server/dispatchers/dispatcher.js:346:22)\n}","statusTrace":"com.microsoft.playwright.PlaywrightException: Error {\n  message='Error: strict mode violation: locator(\"span\").getByText(\"Yes\") resolved to 2 elements:\n    1) <span class=\"sc-iBkjds gpMBxJ sc-hIkKma eXzdQE\">0 Yes</span> aka getByText(\"0 Yes\")\n    2) <span class=\"sc-iBkjds gpMBxJ sc-EXiSP sc-jttdOI iwOxd…>Yes, this is a test</span> aka getByText(\"Yes, this is a test\")\n\n=========================== logs ===========================\nwaiting for locator(\"span\").getByText(\"Yes\")\n============================================================\n  name='Error\n  stack='Error: Error: strict mode violation: locator(\"span\").getByText(\"Yes\") resolved to 2 elements:\n    1) <span class=\"sc-iBkjds gpMBxJ sc-hIkKma eXzdQE\">0 Yes</span> aka getByText(\"0 Yes\")\n    2) <span class=\"sc-iBkjds gpMBxJ sc-EXiSP sc-jttdOI iwOxd…>Yes, this is a test</span> aka getByText(\"Yes, this is a test\")\n\n=========================== logs ===========================\nwaiting for locator(\"span\").getByText(\"Yes\")\n============================================================\n    at CRExecutionContext.evaluateWithArguments (/tmp/playwright-java-3950008870429231376/package/lib/server/chromium/crExecutionContext.js:92:33)\n    at async LongStandingScope._race (/tmp/playwright-java-3950008870429231376/package/lib/utils/manualPromise.js:98:14)\n    at async evaluateExpression (/tmp/playwright-java-3950008870429231376/package/lib/server/javascript.js:241:12)\n    at async /tmp/playwright-java-3950008870429231376/package/lib/server/frames.js:1408:13\n    at async Frame.retryWithProgressAndTimeouts (/tmp/playwright-java-3950008870429231376/package/lib/server/frames.js:912:24)\n    at async ProgressController.run (/tmp/playwright-java-3950008870429231376/package/lib/server/progress.js:92:22)\n    at async FrameDispatcher.innerText (/tmp/playwright-java-3950008870429231376/package/lib/server/dispatchers/frameDispatcher.js:182:14)\n    at async DispatcherConnection.dispatch (/tmp/playwright-java-3950008870429231376/package/lib/server/dispatchers/dispatcher.js:346:22)\n}\n\tat com.microsoft.playwright.impl.WaitableResult.get(WaitableResult.java:54)\n\tat com.microsoft.playwright.impl.ChannelOwner.runUntil(ChannelOwner.java:120)\n\tat com.microsoft.playwright.impl.Connection.sendMessage(Connection.java:126)\n\tat com.microsoft.playwright.impl.ChannelOwner.sendMessage(ChannelOwner.java:106)\n\tat com.microsoft.playwright.impl.FrameImpl.innerTextImpl(FrameImpl.java:526)\n\tat com.microsoft.playwright.impl.FrameImpl.lambda$innerText$22(FrameImpl.java:517)\n\tat com.microsoft.playwright.impl.LoggingSupport.withLogging(LoggingSupport.java:47)\n\tat com.microsoft.playwright.impl.ChannelOwner.withLogging(ChannelOwner.java:89)\n\tat com.microsoft.playwright.impl.FrameImpl.innerText(FrameImpl.java:517)\n\tat com.microsoft.playwright.impl.LocatorImpl.innerText(LocatorImpl.java:335)\n\tat com.microsoft.playwright.Locator.innerText(Locator.java:3663)\n\tat pages.BaseHeader.getYesCardsAmount(BaseHeader.java:30)\n\tat pages.FlashcardsPackIDPage.getYesCardsAmount(FlashcardsPackIDPage.java:7)\n\tat tests.FlashcardPacksTest.testUserCanLeaveYesMark(FlashcardPacksTest.java:166)\n\tat java.base/jdk.internal.reflect.NativeMethodAccessorImpl.invoke0(Native Method)\n\tat java.base/jdk.internal.reflect.NativeMethodAccessorImpl.invoke(NativeMethodAccessorImpl.java:77)\n\tat java.base/jdk.internal.reflect.DelegatingMethodAccessorImpl.invoke(DelegatingMethodAccessorImpl.java:43)\n\tat java.base/java.lang.reflect.Method.invoke(Method.java:568)\n\tat org.testng.internal.invokers.MethodInvocationHelper.invokeMethod(MethodInvocationHelper.java:139)\n\tat org.testng.internal.invokers.TestInvoker.invokeMethod(TestInvoker.java:664)\n\tat org.testng.internal.invokers.TestInvoker.invokeTestMethod(TestInvoker.java:227)\n\tat org.testng.internal.invokers.MethodRunner.runInSequence(MethodRunner.java:50)\n\tat org.testng.internal.invokers.TestInvoker$MethodInvocationAgent.invoke(TestInvoker.java:957)\n\tat org.testng.internal.invokers.TestInvoker.invokeTestMethods(TestInvoker.java:200)\n\tat org.testng.internal.invokers.TestMethodWorker.invokeTestMethods(TestMethodWorker.java:148)\n\tat org.testng.internal.invokers.TestMethodWorker.run(TestMethodWorker.java:128)\n\tat java.base/java.util.ArrayList.forEach(ArrayList.java:1511)\n\tat org.testng.TestRunner.privateRun(TestRunner.java:848)\n\tat org.testng.TestRunner.run(TestRunner.java:621)\n\tat org.testng.SuiteRunner.runTest(SuiteRunner.java:443)\n\tat org.testng.SuiteRunner.runSequentially(SuiteRunner.java:437)\n\tat org.testng.SuiteRunner.privateRun(SuiteRunner.java:397)\n\tat org.testng.SuiteRunner.run(SuiteRunner.java:336)\n\tat org.testng.SuiteRunnerWorker.runSuite(SuiteRunnerWorker.java:52)\n\tat org.testng.SuiteRunnerWorker.run(SuiteRunnerWorker.java:95)\n\tat org.testng.TestNG.runSuitesSequentially(TestNG.java:1280)\n\tat org.testng.TestNG.runSuitesLocally(TestNG.java:1200)\n\tat org.testng.TestNG.runSuites(TestNG.java:1114)\n\tat org.testng.TestNG.run(TestNG.java:1082)\n\tat org.apache.maven.surefire.testng.TestNGExecutor.run(TestNGExecutor.java:135)\n\tat org.apache.maven.surefire.testng.TestNGDirectoryTestSuite.executeMulti(TestNGDirectoryTestSuite.java:193)\n\tat org.apache.maven.surefire.testng.TestNGDirectoryTestSuite.execute(TestNGDirectoryTestSuite.java:94)\n\tat org.apache.maven.surefire.testng.TestNGProvider.invoke(TestNGProvider.java:146)\n\tat org.apache.maven.surefire.booter.ForkedBooter.invokeProviderInSameClassLoader(ForkedBooter.java:386)\n\tat org.apache.maven.surefire.booter.ForkedBooter.runSuitesInProcess(ForkedBooter.java:323)\n\tat org.apache.maven.surefire.booter.ForkedBooter.main(ForkedBooter.java:143)\nCaused by: com.microsoft.playwright.impl.DriverException: Error {\n  message='Error: strict mode violation: locator(\"span\").getByText(\"Yes\") resolved to 2 elements:\n    1) <span class=\"sc-iBkjds gpMBxJ sc-hIkKma eXzdQE\">0 Yes</span> aka getByText(\"0 Yes\")\n    2) <span class=\"sc-iBkjds gpMBxJ sc-EXiSP sc-jttdOI iwOxd…>Yes, this is a test</span> aka getByText(\"Yes, this is a test\")\n\n=========================== logs ===========================\nwaiting for locator(\"span\").getByText(\"Yes\")\n============================================================\n  name='Error\n  stack='Error: Error: strict mode violation: locator(\"span\").getByText(\"Yes\") resolved to 2 elements:\n    1) <span class=\"sc-iBkjds gpMBxJ sc-hIkKma eXzdQE\">0 Yes</span> aka getByText(\"0 Yes\")\n    2) <span class=\"sc-iBkjds gpMBxJ sc-EXiSP sc-jttdOI iwOxd…>Yes, this is a test</span> aka getByText(\"Yes, this is a test\")\n\n=========================== logs ===========================\nwaiting for locator(\"span\").getByText(\"Yes\")\n============================================================\n    at CRExecutionContext.evaluateWithArguments (/tmp/playwright-java-3950008870429231376/package/lib/server/chromium/crExecutionContext.js:92:33)\n    at async LongStandingScope._race (/tmp/playwright-java-3950008870429231376/package/lib/utils/manualPromise.js:98:14)\n    at async evaluateExpression (/tmp/playwright-java-3950008870429231376/package/lib/server/javascript.js:241:12)\n    at async /tmp/playwright-java-3950008870429231376/package/lib/server/frames.js:1408:13\n    at async Frame.retryWithProgressAndTimeouts (/tmp/playwright-java-3950008870429231376/package/lib/server/frames.js:912:24)\n    at async ProgressController.run (/tmp/playwright-java-3950008870429231376/package/lib/server/progress.js:92:22)\n    at async FrameDispatcher.innerText (/tmp/playwright-java-3950008870429231376/package/lib/server/dispatchers/frameDispatcher.js:182:14)\n    at async DispatcherConnection.dispatch (/tmp/playwright-java-3950008870429231376/package/lib/server/dispatchers/dispatcher.js:346:22)\n}\n\tat com.microsoft.playwright.impl.Connection.dispatch(Connection.java:226)\n\tat com.microsoft.playwright.impl.Connection.processOneMessage(Connection.java:206)\n\tat com.microsoft.playwright.impl.ChannelOwner.runUntil(ChannelOwner.java:118)\n\t... 44 more\n","steps":[{"name":"Click side menu 'Flashcards'.","time":{"start":1706412259792,"stop":1706412260967,"duration":1175},"status":"passed","steps":[],"attachments":[],"parameters":[],"shouldDisplayMessage":false,"stepsCount":0,"attachmentsCount":0,"hasContent":false,"attachmentStep":false},{"name":"Click side menu 'Home'.","time":{"start":1706412260992,"stop":1706412261788,"duration":796},"status":"passed","steps":[],"attachments":[],"parameters":[],"shouldDisplayMessage":false,"stepsCount":0,"attachmentsCount":0,"hasContent":false,"attachmentStep":false},{"name":"Click side menu 'Flashcards'.","time":{"start":1706412261901,"stop":1706412262414,"duration":513},"status":"passed","steps":[],"attachments":[],"parameters":[],"shouldDisplayMessage":false,"stepsCount":0,"attachmentsCount":0,"hasContent":false,"attachmentStep":false},{"name":"Click 'Got It' button on dialog window if visible.","time":{"start":1706412262493,"stop":1706412263369,"duration":876},"status":"passed","steps":[],"attachments":[],"parameters":[],"shouldDisplayMessage":false,"stepsCount":0,"attachmentsCount":0,"hasContent":false,"attachmentStep":false}],"attachments":[],"parameters":[],"shouldDisplayMessage":true,"stepsCount":4,"attachmentsCount":0,"hasContent":true,"attachmentStep":false},"afterStages":[{"name":"closeContext","time":{"start":1706412264798,"stop":1706412265594,"duration":796},"description":"","status":"broken","statusMessage":"videos/testUserCanLeaveYesMark.webm","statusTrace":"java.nio.file.NoSuchFileException: videos/testUserCanLeaveYesMark.webm\n\tat java.base/sun.nio.fs.UnixException.translateToIOException(UnixException.java:92)\n\tat java.base/sun.nio.fs.UnixException.rethrowAsIOException(UnixException.java:106)\n\tat java.base/sun.nio.fs.UnixException.rethrowAsIOException(UnixException.java:111)\n\tat java.base/sun.nio.fs.UnixFileSystemProvider.newByteChannel(UnixFileSystemProvider.java:218)\n\tat java.base/java.nio.file.Files.newByteChannel(Files.java:380)\n\tat java.base/java.nio.file.Files.newByteChannel(Files.java:432)\n\tat java.base/java.nio.file.Files.readAllBytes(Files.java:3288)\n\tat utils.reports.ReportUtils.addVideoAndTracingToAllureReportForCIFailure(ReportUtils.java:109)\n\tat tests.BaseTest.closeContext(BaseTest.java:101)\n\tat jdk.internal.reflect.GeneratedMethodAccessor64.invoke(Unknown Source)\n\tat java.base/jdk.internal.reflect.DelegatingMethodAccessorImpl.invoke(DelegatingMethodAccessorImpl.java:43)\n\tat java.base/java.lang.reflect.Method.invoke(Method.java:568)\n\tat org.testng.internal.invokers.MethodInvocationHelper.invokeMethod(MethodInvocationHelper.java:139)\n\tat org.testng.internal.invokers.MethodInvocationHelper.invokeMethodConsideringTimeout(MethodInvocationHelper.java:69)\n\tat org.testng.internal.invokers.ConfigInvoker.invokeConfigurationMethod(ConfigInvoker.java:390)\n\tat org.testng.internal.invokers.ConfigInvoker.invokeConfigurations(ConfigInvoker.java:325)\n\tat org.testng.internal.invokers.TestInvoker.runConfigMethods(TestInvoker.java:810)\n\tat org.testng.internal.invokers.TestInvoker.runAfterConfigurations(TestInvoker.java:779)\n\tat org.testng.internal.invokers.TestInvoker.invokeMethod(TestInvoker.java:755)\n\tat org.testng.internal.invokers.TestInvoker.invokeTestMethod(TestInvoker.java:227)\n\tat org.testng.internal.invokers.MethodRunner.runInSequence(MethodRunner.java:50)\n\tat org.testng.internal.invokers.TestInvoker$MethodInvocationAgent.invoke(TestInvoker.java:957)\n\tat org.testng.internal.invokers.TestInvoker.invokeTestMethods(TestInvoker.java:200)\n\tat org.testng.internal.invokers.TestMethodWorker.invokeTestMethods(TestMethodWorker.java:148)\n\tat org.testng.internal.invokers.TestMethodWorker.run(TestMethodWorker.java:128)\n\tat java.base/java.util.ArrayList.forEach(ArrayList.java:1511)\n\tat org.testng.TestRunner.privateRun(TestRunner.java:848)\n\tat org.testng.TestRunner.run(TestRunner.java:621)\n\tat org.testng.SuiteRunner.runTest(SuiteRunner.java:443)\n\tat org.testng.SuiteRunner.runSequentially(SuiteRunner.java:437)\n\tat org.testng.SuiteRunner.privateRun(SuiteRunner.java:397)\n\tat org.testng.SuiteRunner.run(SuiteRunner.java:336)\n\tat org.testng.SuiteRunnerWorker.runSuite(SuiteRunnerWorker.java:52)\n\tat org.testng.SuiteRunnerWorker.run(SuiteRunnerWorker.java:95)\n\tat org.testng.TestNG.runSuitesSequentially(TestNG.java:1280)\n\tat org.testng.TestNG.runSuitesLocally(TestNG.java:1200)\n\tat org.testng.TestNG.runSuites(TestNG.java:1114)\n\tat org.testng.TestNG.run(TestNG.java:1082)\n\tat org.apache.maven.surefire.testng.TestNGExecutor.run(TestNGExecutor.java:135)\n\tat org.apache.maven.surefire.testng.TestNGDirectoryTestSuite.executeMulti(TestNGDirectoryTestSuite.java:193)\n\tat org.apache.maven.surefire.testng.TestNGDirectoryTestSuite.execute(TestNGDirectoryTestSuite.java:94)\n\tat org.apache.maven.surefire.testng.TestNGProvider.invoke(TestNGProvider.java:146)\n\tat org.apache.maven.surefire.booter.ForkedBooter.invokeProviderInSameClassLoader(ForkedBooter.java:386)\n\tat org.apache.maven.surefire.booter.ForkedBooter.runSuitesInProcess(ForkedBooter.java:323)\n\tat org.apache.maven.surefire.booter.ForkedBooter.main(ForkedBooter.java:143)\n","steps":[],"attachments":[{"uid":"dfbef21623b02182","name":"screenshot","source":"dfbef21623b02182.png","type":"image/png","size":97819}],"parameters":[],"shouldDisplayMessage":true,"stepsCount":0,"attachmentsCount":1,"hasContent":true,"attachmentStep":false}],"labels":[{"name":"package","value":"tests.FlashcardPacksTest"},{"name":"testClass","value":"tests.FlashcardPacksTest"},{"name":"testMethod","value":"testUserCanLeaveYesMark"},{"name":"parentSuite","value":"Surefire suite"},{"name":"suite","value":"Surefire test"},{"name":"subSuite","value":"tests.FlashcardPacksTest"},{"name":"host","value":"fv-az1426-895"},{"name":"thread","value":"4777@fv-az1426-895.main(1)"},{"name":"framework","value":"testng"},{"name":"language","value":"java"},{"name":"story","value":"Flashcards"},{"name":"resultFormat","value":"allure2"}],"parameters":[],"links":[{"name":"xgp7wuhi782","url":"https://docs.google.com/document/d/1wA-chgwZVZ9nqAXFTYoMyFLLejBkwYfkNHCImvvAlMo/edit?pli=1#heading=h.xgp7wuhi782","type":"tms"}],"hidden":false,"retry":false,"extra":{"severity":"normal","retries":[],"categories":[{"name":"Test defects","matchedStatuses":[],"flaky":false}],"history":{"statistic":{"failed":0,"broken":1,"skipped":0,"passed":4,"unknown":0,"total":5},"items":[{"uid":"f18df8ab6109be55","reportUrl":"https://DragonPWJur.github.io/DragonJur/399//#testresult/f18df8ab6109be55","status":"passed","time":{"start":1706411346198,"stop":1706411352645,"duration":6447}},{"uid":"ebb7acc8b8e31d68","reportUrl":"https://DragonPWJur.github.io/DragonJur/398//#testresult/ebb7acc8b8e31d68","status":"passed","time":{"start":1706380385684,"stop":1706380391982,"duration":6298}},{"uid":"9ba825937d65aff7","reportUrl":"https://DragonPWJur.github.io/DragonJur/397//#testresult/9ba825937d65aff7","status":"passed","time":{"start":1706378395250,"stop":1706378402975,"duration":7725}},{"uid":"8f55929e12e1a324","reportUrl":"https://DragonPWJur.github.io/DragonJur/396//#testresult/8f55929e12e1a324","status":"passed","time":{"start":1706373690420,"stop":1706373696874,"duration":6454}}]},"tags":[]},"source":"499847950dcc86f1.json","parameterValues":[]}