{"uid":"16e0b06d52199c99","name":"TC1356-02 - Displaying Statistics for Tests","fullName":"tests.PerformanceTest.testDisplayingStatisticsForTests","historyId":"411531281b4d60c74089e9257ce2b139","time":{"start":1706557957906,"stop":1706557960065,"duration":2159},"description":"Objective: To confirm the accurate display of statistics for Tests in the Performance section.","descriptionHtml":"<p>Objective: To confirm the accurate display of statistics for Tests in the Performance section.</p>\n","status":"broken","statusMessage":"Error {\n  message='Element is not attached to the DOM\n=========================== logs ===========================\n  waiting for element to be stable\n    element is not stable - waiting...\n  element is stable\n============================================================\n  name='Error\n  stack='Error: Element is not attached to the DOM\n=========================== logs ===========================\n  waiting for element to be stable\n    element is not stable - waiting...\n  element is stable\n============================================================\n    at throwRetargetableDOMError (/tmp/playwright-java-9643148189664186449/package/lib/server/dom.js:822:46)\n    at ElementHandle._waitAndScrollIntoViewIfNeeded (/tmp/playwright-java-9643148189664186449/package/lib/server/dom.js:195:22)\n    at async ProgressController.run (/tmp/playwright-java-9643148189664186449/package/lib/server/progress.js:92:22)\n    at async ElementHandleDispatcher.scrollIntoViewIfNeeded (/tmp/playwright-java-9643148189664186449/package/lib/server/dispatchers/elementHandlerDispatcher.js:124:5)\n    at async DispatcherConnection.dispatch (/tmp/playwright-java-9643148189664186449/package/lib/server/dispatchers/dispatcher.js:346:22)\n}","statusTrace":"com.microsoft.playwright.PlaywrightException: Error {\n  message='Element is not attached to the DOM\n=========================== logs ===========================\n  waiting for element to be stable\n    element is not stable - waiting...\n  element is stable\n============================================================\n  name='Error\n  stack='Error: Element is not attached to the DOM\n=========================== logs ===========================\n  waiting for element to be stable\n    element is not stable - waiting...\n  element is stable\n============================================================\n    at throwRetargetableDOMError (/tmp/playwright-java-9643148189664186449/package/lib/server/dom.js:822:46)\n    at ElementHandle._waitAndScrollIntoViewIfNeeded (/tmp/playwright-java-9643148189664186449/package/lib/server/dom.js:195:22)\n    at async ProgressController.run (/tmp/playwright-java-9643148189664186449/package/lib/server/progress.js:92:22)\n    at async ElementHandleDispatcher.scrollIntoViewIfNeeded (/tmp/playwright-java-9643148189664186449/package/lib/server/dispatchers/elementHandlerDispatcher.js:124:5)\n    at async DispatcherConnection.dispatch (/tmp/playwright-java-9643148189664186449/package/lib/server/dispatchers/dispatcher.js:346:22)\n}\n\tat com.microsoft.playwright.impl.WaitableResult.get(WaitableResult.java:54)\n\tat com.microsoft.playwright.impl.ChannelOwner.runUntil(ChannelOwner.java:120)\n\tat com.microsoft.playwright.impl.Connection.sendMessage(Connection.java:126)\n\tat com.microsoft.playwright.impl.ChannelOwner.sendMessage(ChannelOwner.java:106)\n\tat com.microsoft.playwright.impl.ElementHandleImpl.scrollIntoViewIfNeededImpl(ElementHandleImpl.java:399)\n\tat com.microsoft.playwright.impl.ElementHandleImpl.lambda$scrollIntoViewIfNeeded$26(ElementHandleImpl.java:361)\n\tat com.microsoft.playwright.impl.LoggingSupport.lambda$withLogging$0(LoggingSupport.java:36)\n\tat com.microsoft.playwright.impl.LoggingSupport.withLogging(LoggingSupport.java:47)\n\tat com.microsoft.playwright.impl.ChannelOwner.withLogging(ChannelOwner.java:89)\n\tat com.microsoft.playwright.impl.LoggingSupport.withLogging(LoggingSupport.java:35)\n\tat com.microsoft.playwright.impl.ElementHandleImpl.scrollIntoViewIfNeeded(ElementHandleImpl.java:361)\n\tat com.microsoft.playwright.impl.LocatorImpl.lambda$scrollIntoViewIfNeeded$5(LocatorImpl.java:452)\n\tat com.microsoft.playwright.impl.LocatorImpl.withElement(LocatorImpl.java:66)\n\tat com.microsoft.playwright.impl.LocatorImpl.scrollIntoViewIfNeeded(LocatorImpl.java:451)\n\tat com.microsoft.playwright.Locator.scrollIntoViewIfNeeded(Locator.java:4205)\n\tat pages.BaseLocator.getList(BaseLocator.java:147)\n\tat pages.BaseLocator.allCheckboxes(BaseLocator.java:120)\n\tat pages.HomePage.<init>(HomePage.java:18)\n\tat pages.BaseSideMenu.clickHomeMenu(BaseSideMenu.java:24)\n\tat pages.PerformancePage.clickHomeMenu(PerformancePage.java:9)\n\tat pages.PreconditionPage.getNumberOfQuestions(PreconditionPage.java:228)\n\tat tests.PerformanceTest.testDisplayingStatisticsForTests(PerformanceTest.java:27)\n\tat java.base/jdk.internal.reflect.NativeMethodAccessorImpl.invoke0(Native Method)\n\tat java.base/jdk.internal.reflect.NativeMethodAccessorImpl.invoke(NativeMethodAccessorImpl.java:77)\n\tat java.base/jdk.internal.reflect.DelegatingMethodAccessorImpl.invoke(DelegatingMethodAccessorImpl.java:43)\n\tat java.base/java.lang.reflect.Method.invoke(Method.java:568)\n\tat org.testng.internal.invokers.MethodInvocationHelper.invokeMethod(MethodInvocationHelper.java:139)\n\tat org.testng.internal.invokers.TestInvoker.invokeMethod(TestInvoker.java:664)\n\tat org.testng.internal.invokers.TestInvoker.invokeTestMethod(TestInvoker.java:227)\n\tat org.testng.internal.invokers.MethodRunner.runInSequence(MethodRunner.java:50)\n\tat org.testng.internal.invokers.TestInvoker$MethodInvocationAgent.invoke(TestInvoker.java:957)\n\tat org.testng.internal.invokers.TestInvoker.invokeTestMethods(TestInvoker.java:200)\n\tat org.testng.internal.invokers.TestMethodWorker.invokeTestMethods(TestMethodWorker.java:148)\n\tat org.testng.internal.invokers.TestMethodWorker.run(TestMethodWorker.java:128)\n\tat java.base/java.util.ArrayList.forEach(ArrayList.java:1511)\n\tat org.testng.TestRunner.privateRun(TestRunner.java:848)\n\tat org.testng.TestRunner.run(TestRunner.java:621)\n\tat org.testng.SuiteRunner.runTest(SuiteRunner.java:443)\n\tat org.testng.SuiteRunner.runSequentially(SuiteRunner.java:437)\n\tat org.testng.SuiteRunner.privateRun(SuiteRunner.java:397)\n\tat org.testng.SuiteRunner.run(SuiteRunner.java:336)\n\tat org.testng.SuiteRunnerWorker.runSuite(SuiteRunnerWorker.java:52)\n\tat org.testng.SuiteRunnerWorker.run(SuiteRunnerWorker.java:95)\n\tat org.testng.TestNG.runSuitesSequentially(TestNG.java:1280)\n\tat org.testng.TestNG.runSuitesLocally(TestNG.java:1200)\n\tat org.testng.TestNG.runSuites(TestNG.java:1114)\n\tat org.testng.TestNG.run(TestNG.java:1082)\n\tat org.apache.maven.surefire.testng.TestNGExecutor.run(TestNGExecutor.java:135)\n\tat org.apache.maven.surefire.testng.TestNGDirectoryTestSuite.executeMulti(TestNGDirectoryTestSuite.java:193)\n\tat org.apache.maven.surefire.testng.TestNGDirectoryTestSuite.execute(TestNGDirectoryTestSuite.java:94)\n\tat org.apache.maven.surefire.testng.TestNGProvider.invoke(TestNGProvider.java:146)\n\tat org.apache.maven.surefire.booter.ForkedBooter.invokeProviderInSameClassLoader(ForkedBooter.java:386)\n\tat org.apache.maven.surefire.booter.ForkedBooter.runSuitesInProcess(ForkedBooter.java:323)\n\tat org.apache.maven.surefire.booter.ForkedBooter.main(ForkedBooter.java:143)\nCaused by: com.microsoft.playwright.impl.DriverException: Error {\n  message='Element is not attached to the DOM\n=========================== logs ===========================\n  waiting for element to be stable\n    element is not stable - waiting...\n  element is stable\n============================================================\n  name='Error\n  stack='Error: Element is not attached to the DOM\n=========================== logs ===========================\n  waiting for element to be stable\n    element is not stable - waiting...\n  element is stable\n============================================================\n    at throwRetargetableDOMError (/tmp/playwright-java-9643148189664186449/package/lib/server/dom.js:822:46)\n    at ElementHandle._waitAndScrollIntoViewIfNeeded (/tmp/playwright-java-9643148189664186449/package/lib/server/dom.js:195:22)\n    at async ProgressController.run (/tmp/playwright-java-9643148189664186449/package/lib/server/progress.js:92:22)\n    at async ElementHandleDispatcher.scrollIntoViewIfNeeded (/tmp/playwright-java-9643148189664186449/package/lib/server/dispatchers/elementHandlerDispatcher.js:124:5)\n    at async DispatcherConnection.dispatch (/tmp/playwright-java-9643148189664186449/package/lib/server/dispatchers/dispatcher.js:346:22)\n}\n\tat com.microsoft.playwright.impl.Connection.dispatch(Connection.java:226)\n\tat com.microsoft.playwright.impl.Connection.processOneMessage(Connection.java:206)\n\tat com.microsoft.playwright.impl.ChannelOwner.runUntil(ChannelOwner.java:118)\n\t... 52 more\n","flaky":false,"newFailed":false,"newBroken":true,"newPassed":false,"retriesCount":0,"retriesStatusChange":false,"beforeStages":[{"name":"createContextAndPage","time":{"start":1706557952816,"stop":1706557957903,"duration":5087},"description":"","status":"passed","steps":[],"attachments":[],"parameters":[],"shouldDisplayMessage":false,"stepsCount":0,"attachmentsCount":0,"hasContent":false,"attachmentStep":false}],"testStage":{"description":"Objective: To confirm the accurate display of statistics for Tests in the Performance section.","status":"broken","statusMessage":"Error {\n  message='Element is not attached to the DOM\n=========================== logs ===========================\n  waiting for element to be stable\n    element is not stable - waiting...\n  element is stable\n============================================================\n  name='Error\n  stack='Error: Element is not attached to the DOM\n=========================== logs ===========================\n  waiting for element to be stable\n    element is not stable - waiting...\n  element is stable\n============================================================\n    at throwRetargetableDOMError (/tmp/playwright-java-9643148189664186449/package/lib/server/dom.js:822:46)\n    at ElementHandle._waitAndScrollIntoViewIfNeeded (/tmp/playwright-java-9643148189664186449/package/lib/server/dom.js:195:22)\n    at async ProgressController.run (/tmp/playwright-java-9643148189664186449/package/lib/server/progress.js:92:22)\n    at async ElementHandleDispatcher.scrollIntoViewIfNeeded (/tmp/playwright-java-9643148189664186449/package/lib/server/dispatchers/elementHandlerDispatcher.js:124:5)\n    at async DispatcherConnection.dispatch (/tmp/playwright-java-9643148189664186449/package/lib/server/dispatchers/dispatcher.js:346:22)\n}","statusTrace":"com.microsoft.playwright.PlaywrightException: Error {\n  message='Element is not attached to the DOM\n=========================== logs ===========================\n  waiting for element to be stable\n    element is not stable - waiting...\n  element is stable\n============================================================\n  name='Error\n  stack='Error: Element is not attached to the DOM\n=========================== logs ===========================\n  waiting for element to be stable\n    element is not stable - waiting...\n  element is stable\n============================================================\n    at throwRetargetableDOMError (/tmp/playwright-java-9643148189664186449/package/lib/server/dom.js:822:46)\n    at ElementHandle._waitAndScrollIntoViewIfNeeded (/tmp/playwright-java-9643148189664186449/package/lib/server/dom.js:195:22)\n    at async ProgressController.run (/tmp/playwright-java-9643148189664186449/package/lib/server/progress.js:92:22)\n    at async ElementHandleDispatcher.scrollIntoViewIfNeeded (/tmp/playwright-java-9643148189664186449/package/lib/server/dispatchers/elementHandlerDispatcher.js:124:5)\n    at async DispatcherConnection.dispatch (/tmp/playwright-java-9643148189664186449/package/lib/server/dispatchers/dispatcher.js:346:22)\n}\n\tat com.microsoft.playwright.impl.WaitableResult.get(WaitableResult.java:54)\n\tat com.microsoft.playwright.impl.ChannelOwner.runUntil(ChannelOwner.java:120)\n\tat com.microsoft.playwright.impl.Connection.sendMessage(Connection.java:126)\n\tat com.microsoft.playwright.impl.ChannelOwner.sendMessage(ChannelOwner.java:106)\n\tat com.microsoft.playwright.impl.ElementHandleImpl.scrollIntoViewIfNeededImpl(ElementHandleImpl.java:399)\n\tat com.microsoft.playwright.impl.ElementHandleImpl.lambda$scrollIntoViewIfNeeded$26(ElementHandleImpl.java:361)\n\tat com.microsoft.playwright.impl.LoggingSupport.lambda$withLogging$0(LoggingSupport.java:36)\n\tat com.microsoft.playwright.impl.LoggingSupport.withLogging(LoggingSupport.java:47)\n\tat com.microsoft.playwright.impl.ChannelOwner.withLogging(ChannelOwner.java:89)\n\tat com.microsoft.playwright.impl.LoggingSupport.withLogging(LoggingSupport.java:35)\n\tat com.microsoft.playwright.impl.ElementHandleImpl.scrollIntoViewIfNeeded(ElementHandleImpl.java:361)\n\tat com.microsoft.playwright.impl.LocatorImpl.lambda$scrollIntoViewIfNeeded$5(LocatorImpl.java:452)\n\tat com.microsoft.playwright.impl.LocatorImpl.withElement(LocatorImpl.java:66)\n\tat com.microsoft.playwright.impl.LocatorImpl.scrollIntoViewIfNeeded(LocatorImpl.java:451)\n\tat com.microsoft.playwright.Locator.scrollIntoViewIfNeeded(Locator.java:4205)\n\tat pages.BaseLocator.getList(BaseLocator.java:147)\n\tat pages.BaseLocator.allCheckboxes(BaseLocator.java:120)\n\tat pages.HomePage.<init>(HomePage.java:18)\n\tat pages.BaseSideMenu.clickHomeMenu(BaseSideMenu.java:24)\n\tat pages.PerformancePage.clickHomeMenu(PerformancePage.java:9)\n\tat pages.PreconditionPage.getNumberOfQuestions(PreconditionPage.java:228)\n\tat tests.PerformanceTest.testDisplayingStatisticsForTests(PerformanceTest.java:27)\n\tat java.base/jdk.internal.reflect.NativeMethodAccessorImpl.invoke0(Native Method)\n\tat java.base/jdk.internal.reflect.NativeMethodAccessorImpl.invoke(NativeMethodAccessorImpl.java:77)\n\tat java.base/jdk.internal.reflect.DelegatingMethodAccessorImpl.invoke(DelegatingMethodAccessorImpl.java:43)\n\tat java.base/java.lang.reflect.Method.invoke(Method.java:568)\n\tat org.testng.internal.invokers.MethodInvocationHelper.invokeMethod(MethodInvocationHelper.java:139)\n\tat org.testng.internal.invokers.TestInvoker.invokeMethod(TestInvoker.java:664)\n\tat org.testng.internal.invokers.TestInvoker.invokeTestMethod(TestInvoker.java:227)\n\tat org.testng.internal.invokers.MethodRunner.runInSequence(MethodRunner.java:50)\n\tat org.testng.internal.invokers.TestInvoker$MethodInvocationAgent.invoke(TestInvoker.java:957)\n\tat org.testng.internal.invokers.TestInvoker.invokeTestMethods(TestInvoker.java:200)\n\tat org.testng.internal.invokers.TestMethodWorker.invokeTestMethods(TestMethodWorker.java:148)\n\tat org.testng.internal.invokers.TestMethodWorker.run(TestMethodWorker.java:128)\n\tat java.base/java.util.ArrayList.forEach(ArrayList.java:1511)\n\tat org.testng.TestRunner.privateRun(TestRunner.java:848)\n\tat org.testng.TestRunner.run(TestRunner.java:621)\n\tat org.testng.SuiteRunner.runTest(SuiteRunner.java:443)\n\tat org.testng.SuiteRunner.runSequentially(SuiteRunner.java:437)\n\tat org.testng.SuiteRunner.privateRun(SuiteRunner.java:397)\n\tat org.testng.SuiteRunner.run(SuiteRunner.java:336)\n\tat org.testng.SuiteRunnerWorker.runSuite(SuiteRunnerWorker.java:52)\n\tat org.testng.SuiteRunnerWorker.run(SuiteRunnerWorker.java:95)\n\tat org.testng.TestNG.runSuitesSequentially(TestNG.java:1280)\n\tat org.testng.TestNG.runSuitesLocally(TestNG.java:1200)\n\tat org.testng.TestNG.runSuites(TestNG.java:1114)\n\tat org.testng.TestNG.run(TestNG.java:1082)\n\tat org.apache.maven.surefire.testng.TestNGExecutor.run(TestNGExecutor.java:135)\n\tat org.apache.maven.surefire.testng.TestNGDirectoryTestSuite.executeMulti(TestNGDirectoryTestSuite.java:193)\n\tat org.apache.maven.surefire.testng.TestNGDirectoryTestSuite.execute(TestNGDirectoryTestSuite.java:94)\n\tat org.apache.maven.surefire.testng.TestNGProvider.invoke(TestNGProvider.java:146)\n\tat org.apache.maven.surefire.booter.ForkedBooter.invokeProviderInSameClassLoader(ForkedBooter.java:386)\n\tat org.apache.maven.surefire.booter.ForkedBooter.runSuitesInProcess(ForkedBooter.java:323)\n\tat org.apache.maven.surefire.booter.ForkedBooter.main(ForkedBooter.java:143)\nCaused by: com.microsoft.playwright.impl.DriverException: Error {\n  message='Element is not attached to the DOM\n=========================== logs ===========================\n  waiting for element to be stable\n    element is not stable - waiting...\n  element is stable\n============================================================\n  name='Error\n  stack='Error: Element is not attached to the DOM\n=========================== logs ===========================\n  waiting for element to be stable\n    element is not stable - waiting...\n  element is stable\n============================================================\n    at throwRetargetableDOMError (/tmp/playwright-java-9643148189664186449/package/lib/server/dom.js:822:46)\n    at ElementHandle._waitAndScrollIntoViewIfNeeded (/tmp/playwright-java-9643148189664186449/package/lib/server/dom.js:195:22)\n    at async ProgressController.run (/tmp/playwright-java-9643148189664186449/package/lib/server/progress.js:92:22)\n    at async ElementHandleDispatcher.scrollIntoViewIfNeeded (/tmp/playwright-java-9643148189664186449/package/lib/server/dispatchers/elementHandlerDispatcher.js:124:5)\n    at async DispatcherConnection.dispatch (/tmp/playwright-java-9643148189664186449/package/lib/server/dispatchers/dispatcher.js:346:22)\n}\n\tat com.microsoft.playwright.impl.Connection.dispatch(Connection.java:226)\n\tat com.microsoft.playwright.impl.Connection.processOneMessage(Connection.java:206)\n\tat com.microsoft.playwright.impl.ChannelOwner.runUntil(ChannelOwner.java:118)\n\t... 52 more\n","steps":[{"name":"Get the number of questions on PerformancePage","time":{"start":1706557957930,"stop":1706557960065,"duration":2135},"status":"broken","statusMessage":"Error {\n  message='Element is not attached to the DOM\n=========================== logs ===========================\n  waiting for element to be stable\n    element is not stable - waiting...\n  element is stable\n============================================================\n  name='Error\n  stack='Error: Element is not attached to the DOM\n=========================== logs ===========================\n  waiting for element to be stable\n    element is not stable - waiting...\n  element is stable\n============================================================\n    at throwRetargetableDOMError (/tmp/playwright-java-9643148189664186449/package/lib/server/dom.js:822:46)\n    at ElementHandle._waitAndScrollIntoViewIfNeeded (/tmp/playwright-java-9643148189664186449/package/lib/server/dom.js:195:22)\n    at async ProgressController.run (/tmp/playwright-java-9643148189664186449/package/lib/server/progress.js:92:22)\n    at async ElementHandleDispatcher.scrollIntoViewIfNeeded (/tmp/playwright-java-9643148189664186449/package/lib/server/dispatchers/elementHandlerDispatcher.js:124:5)\n    at async DispatcherConnection.dispatch (/tmp/playwright-java-9643148189664186449/package/lib/server/dispatchers/dispatcher.js:346:22)\n}","statusTrace":"com.microsoft.playwright.PlaywrightException: Error {\n  message='Element is not attached to the DOM\n=========================== logs ===========================\n  waiting for element to be stable\n    element is not stable - waiting...\n  element is stable\n============================================================\n  name='Error\n  stack='Error: Element is not attached to the DOM\n=========================== logs ===========================\n  waiting for element to be stable\n    element is not stable - waiting...\n  element is stable\n============================================================\n    at throwRetargetableDOMError (/tmp/playwright-java-9643148189664186449/package/lib/server/dom.js:822:46)\n    at ElementHandle._waitAndScrollIntoViewIfNeeded (/tmp/playwright-java-9643148189664186449/package/lib/server/dom.js:195:22)\n    at async ProgressController.run (/tmp/playwright-java-9643148189664186449/package/lib/server/progress.js:92:22)\n    at async ElementHandleDispatcher.scrollIntoViewIfNeeded (/tmp/playwright-java-9643148189664186449/package/lib/server/dispatchers/elementHandlerDispatcher.js:124:5)\n    at async DispatcherConnection.dispatch (/tmp/playwright-java-9643148189664186449/package/lib/server/dispatchers/dispatcher.js:346:22)\n}\n\tat com.microsoft.playwright.impl.WaitableResult.get(WaitableResult.java:54)\n\tat com.microsoft.playwright.impl.ChannelOwner.runUntil(ChannelOwner.java:120)\n\tat com.microsoft.playwright.impl.Connection.sendMessage(Connection.java:126)\n\tat com.microsoft.playwright.impl.ChannelOwner.sendMessage(ChannelOwner.java:106)\n\tat com.microsoft.playwright.impl.ElementHandleImpl.scrollIntoViewIfNeededImpl(ElementHandleImpl.java:399)\n\tat com.microsoft.playwright.impl.ElementHandleImpl.lambda$scrollIntoViewIfNeeded$26(ElementHandleImpl.java:361)\n\tat com.microsoft.playwright.impl.LoggingSupport.lambda$withLogging$0(LoggingSupport.java:36)\n\tat com.microsoft.playwright.impl.LoggingSupport.withLogging(LoggingSupport.java:47)\n\tat com.microsoft.playwright.impl.ChannelOwner.withLogging(ChannelOwner.java:89)\n\tat com.microsoft.playwright.impl.LoggingSupport.withLogging(LoggingSupport.java:35)\n\tat com.microsoft.playwright.impl.ElementHandleImpl.scrollIntoViewIfNeeded(ElementHandleImpl.java:361)\n\tat com.microsoft.playwright.impl.LocatorImpl.lambda$scrollIntoViewIfNeeded$5(LocatorImpl.java:452)\n\tat com.microsoft.playwright.impl.LocatorImpl.withElement(LocatorImpl.java:66)\n\tat com.microsoft.playwright.impl.LocatorImpl.scrollIntoViewIfNeeded(LocatorImpl.java:451)\n\tat com.microsoft.playwright.Locator.scrollIntoViewIfNeeded(Locator.java:4205)\n\tat pages.BaseLocator.getList(BaseLocator.java:147)\n\tat pages.BaseLocator.allCheckboxes(BaseLocator.java:120)\n\tat pages.HomePage.<init>(HomePage.java:18)\n\tat pages.BaseSideMenu.clickHomeMenu(BaseSideMenu.java:24)\n\tat pages.PerformancePage.clickHomeMenu(PerformancePage.java:9)\n\tat pages.PreconditionPage.getNumberOfQuestions(PreconditionPage.java:228)\n\tat tests.PerformanceTest.testDisplayingStatisticsForTests(PerformanceTest.java:27)\n\tat java.base/jdk.internal.reflect.NativeMethodAccessorImpl.invoke0(Native Method)\n\tat java.base/jdk.internal.reflect.NativeMethodAccessorImpl.invoke(NativeMethodAccessorImpl.java:77)\n\tat java.base/jdk.internal.reflect.DelegatingMethodAccessorImpl.invoke(DelegatingMethodAccessorImpl.java:43)\n\tat java.base/java.lang.reflect.Method.invoke(Method.java:568)\n\tat org.testng.internal.invokers.MethodInvocationHelper.invokeMethod(MethodInvocationHelper.java:139)\n\tat org.testng.internal.invokers.TestInvoker.invokeMethod(TestInvoker.java:664)\n\tat org.testng.internal.invokers.TestInvoker.invokeTestMethod(TestInvoker.java:227)\n\tat org.testng.internal.invokers.MethodRunner.runInSequence(MethodRunner.java:50)\n\tat org.testng.internal.invokers.TestInvoker$MethodInvocationAgent.invoke(TestInvoker.java:957)\n\tat org.testng.internal.invokers.TestInvoker.invokeTestMethods(TestInvoker.java:200)\n\tat org.testng.internal.invokers.TestMethodWorker.invokeTestMethods(TestMethodWorker.java:148)\n\tat org.testng.internal.invokers.TestMethodWorker.run(TestMethodWorker.java:128)\n\tat java.base/java.util.ArrayList.forEach(ArrayList.java:1511)\n\tat org.testng.TestRunner.privateRun(TestRunner.java:848)\n\tat org.testng.TestRunner.run(TestRunner.java:621)\n\tat org.testng.SuiteRunner.runTest(SuiteRunner.java:443)\n\tat org.testng.SuiteRunner.runSequentially(SuiteRunner.java:437)\n\tat org.testng.SuiteRunner.privateRun(SuiteRunner.java:397)\n\tat org.testng.SuiteRunner.run(SuiteRunner.java:336)\n\tat org.testng.SuiteRunnerWorker.runSuite(SuiteRunnerWorker.java:52)\n\tat org.testng.SuiteRunnerWorker.run(SuiteRunnerWorker.java:95)\n\tat org.testng.TestNG.runSuitesSequentially(TestNG.java:1280)\n\tat org.testng.TestNG.runSuitesLocally(TestNG.java:1200)\n\tat org.testng.TestNG.runSuites(TestNG.java:1114)\n\tat org.testng.TestNG.run(TestNG.java:1082)\n\tat org.apache.maven.surefire.testng.TestNGExecutor.run(TestNGExecutor.java:135)\n\tat org.apache.maven.surefire.testng.TestNGDirectoryTestSuite.executeMulti(TestNGDirectoryTestSuite.java:193)\n\tat org.apache.maven.surefire.testng.TestNGDirectoryTestSuite.execute(TestNGDirectoryTestSuite.java:94)\n\tat org.apache.maven.surefire.testng.TestNGProvider.invoke(TestNGProvider.java:146)\n\tat org.apache.maven.surefire.booter.ForkedBooter.invokeProviderInSameClassLoader(ForkedBooter.java:386)\n\tat org.apache.maven.surefire.booter.ForkedBooter.runSuitesInProcess(ForkedBooter.java:323)\n\tat org.apache.maven.surefire.booter.ForkedBooter.main(ForkedBooter.java:143)\nCaused by: com.microsoft.playwright.impl.DriverException: Error {\n  message='Element is not attached to the DOM\n=========================== logs ===========================\n  waiting for element to be stable\n    element is not stable - waiting...\n  element is stable\n============================================================\n  name='Error\n  stack='Error: Element is not attached to the DOM\n=========================== logs ===========================\n  waiting for element to be stable\n    element is not stable - waiting...\n  element is stable\n============================================================\n    at throwRetargetableDOMError (/tmp/playwright-java-9643148189664186449/package/lib/server/dom.js:822:46)\n    at ElementHandle._waitAndScrollIntoViewIfNeeded (/tmp/playwright-java-9643148189664186449/package/lib/server/dom.js:195:22)\n    at async ProgressController.run (/tmp/playwright-java-9643148189664186449/package/lib/server/progress.js:92:22)\n    at async ElementHandleDispatcher.scrollIntoViewIfNeeded (/tmp/playwright-java-9643148189664186449/package/lib/server/dispatchers/elementHandlerDispatcher.js:124:5)\n    at async DispatcherConnection.dispatch (/tmp/playwright-java-9643148189664186449/package/lib/server/dispatchers/dispatcher.js:346:22)\n}\n\tat com.microsoft.playwright.impl.Connection.dispatch(Connection.java:226)\n\tat com.microsoft.playwright.impl.Connection.processOneMessage(Connection.java:206)\n\tat com.microsoft.playwright.impl.ChannelOwner.runUntil(ChannelOwner.java:118)\n\t... 52 more\n","steps":[{"name":"Click side menu 'Performance'.","time":{"start":1706557958893,"stop":1706557959263,"duration":370},"status":"passed","steps":[],"attachments":[],"parameters":[],"shouldDisplayMessage":false,"stepsCount":0,"attachmentsCount":0,"hasContent":false,"attachmentStep":false},{"name":"Click side menu 'Home'.","time":{"start":1706557959285,"stop":1706557960064,"duration":779},"status":"broken","statusMessage":"Error {\n  message='Element is not attached to the DOM\n=========================== logs ===========================\n  waiting for element to be stable\n    element is not stable - waiting...\n  element is stable\n============================================================\n  name='Error\n  stack='Error: Element is not attached to the DOM\n=========================== logs ===========================\n  waiting for element to be stable\n    element is not stable - waiting...\n  element is stable\n============================================================\n    at throwRetargetableDOMError (/tmp/playwright-java-9643148189664186449/package/lib/server/dom.js:822:46)\n    at ElementHandle._waitAndScrollIntoViewIfNeeded (/tmp/playwright-java-9643148189664186449/package/lib/server/dom.js:195:22)\n    at async ProgressController.run (/tmp/playwright-java-9643148189664186449/package/lib/server/progress.js:92:22)\n    at async ElementHandleDispatcher.scrollIntoViewIfNeeded (/tmp/playwright-java-9643148189664186449/package/lib/server/dispatchers/elementHandlerDispatcher.js:124:5)\n    at async DispatcherConnection.dispatch (/tmp/playwright-java-9643148189664186449/package/lib/server/dispatchers/dispatcher.js:346:22)\n}","statusTrace":"com.microsoft.playwright.PlaywrightException: Error {\n  message='Element is not attached to the DOM\n=========================== logs ===========================\n  waiting for element to be stable\n    element is not stable - waiting...\n  element is stable\n============================================================\n  name='Error\n  stack='Error: Element is not attached to the DOM\n=========================== logs ===========================\n  waiting for element to be stable\n    element is not stable - waiting...\n  element is stable\n============================================================\n    at throwRetargetableDOMError (/tmp/playwright-java-9643148189664186449/package/lib/server/dom.js:822:46)\n    at ElementHandle._waitAndScrollIntoViewIfNeeded (/tmp/playwright-java-9643148189664186449/package/lib/server/dom.js:195:22)\n    at async ProgressController.run (/tmp/playwright-java-9643148189664186449/package/lib/server/progress.js:92:22)\n    at async ElementHandleDispatcher.scrollIntoViewIfNeeded (/tmp/playwright-java-9643148189664186449/package/lib/server/dispatchers/elementHandlerDispatcher.js:124:5)\n    at async DispatcherConnection.dispatch (/tmp/playwright-java-9643148189664186449/package/lib/server/dispatchers/dispatcher.js:346:22)\n}\n\tat com.microsoft.playwright.impl.WaitableResult.get(WaitableResult.java:54)\n\tat com.microsoft.playwright.impl.ChannelOwner.runUntil(ChannelOwner.java:120)\n\tat com.microsoft.playwright.impl.Connection.sendMessage(Connection.java:126)\n\tat com.microsoft.playwright.impl.ChannelOwner.sendMessage(ChannelOwner.java:106)\n\tat com.microsoft.playwright.impl.ElementHandleImpl.scrollIntoViewIfNeededImpl(ElementHandleImpl.java:399)\n\tat com.microsoft.playwright.impl.ElementHandleImpl.lambda$scrollIntoViewIfNeeded$26(ElementHandleImpl.java:361)\n\tat com.microsoft.playwright.impl.LoggingSupport.lambda$withLogging$0(LoggingSupport.java:36)\n\tat com.microsoft.playwright.impl.LoggingSupport.withLogging(LoggingSupport.java:47)\n\tat com.microsoft.playwright.impl.ChannelOwner.withLogging(ChannelOwner.java:89)\n\tat com.microsoft.playwright.impl.LoggingSupport.withLogging(LoggingSupport.java:35)\n\tat com.microsoft.playwright.impl.ElementHandleImpl.scrollIntoViewIfNeeded(ElementHandleImpl.java:361)\n\tat com.microsoft.playwright.impl.LocatorImpl.lambda$scrollIntoViewIfNeeded$5(LocatorImpl.java:452)\n\tat com.microsoft.playwright.impl.LocatorImpl.withElement(LocatorImpl.java:66)\n\tat com.microsoft.playwright.impl.LocatorImpl.scrollIntoViewIfNeeded(LocatorImpl.java:451)\n\tat com.microsoft.playwright.Locator.scrollIntoViewIfNeeded(Locator.java:4205)\n\tat pages.BaseLocator.getList(BaseLocator.java:147)\n\tat pages.BaseLocator.allCheckboxes(BaseLocator.java:120)\n\tat pages.HomePage.<init>(HomePage.java:18)\n\tat pages.BaseSideMenu.clickHomeMenu(BaseSideMenu.java:24)\n\tat pages.PerformancePage.clickHomeMenu(PerformancePage.java:9)\n\tat pages.PreconditionPage.getNumberOfQuestions(PreconditionPage.java:228)\n\tat tests.PerformanceTest.testDisplayingStatisticsForTests(PerformanceTest.java:27)\n\tat java.base/jdk.internal.reflect.NativeMethodAccessorImpl.invoke0(Native Method)\n\tat java.base/jdk.internal.reflect.NativeMethodAccessorImpl.invoke(NativeMethodAccessorImpl.java:77)\n\tat java.base/jdk.internal.reflect.DelegatingMethodAccessorImpl.invoke(DelegatingMethodAccessorImpl.java:43)\n\tat java.base/java.lang.reflect.Method.invoke(Method.java:568)\n\tat org.testng.internal.invokers.MethodInvocationHelper.invokeMethod(MethodInvocationHelper.java:139)\n\tat org.testng.internal.invokers.TestInvoker.invokeMethod(TestInvoker.java:664)\n\tat org.testng.internal.invokers.TestInvoker.invokeTestMethod(TestInvoker.java:227)\n\tat org.testng.internal.invokers.MethodRunner.runInSequence(MethodRunner.java:50)\n\tat org.testng.internal.invokers.TestInvoker$MethodInvocationAgent.invoke(TestInvoker.java:957)\n\tat org.testng.internal.invokers.TestInvoker.invokeTestMethods(TestInvoker.java:200)\n\tat org.testng.internal.invokers.TestMethodWorker.invokeTestMethods(TestMethodWorker.java:148)\n\tat org.testng.internal.invokers.TestMethodWorker.run(TestMethodWorker.java:128)\n\tat java.base/java.util.ArrayList.forEach(ArrayList.java:1511)\n\tat org.testng.TestRunner.privateRun(TestRunner.java:848)\n\tat org.testng.TestRunner.run(TestRunner.java:621)\n\tat org.testng.SuiteRunner.runTest(SuiteRunner.java:443)\n\tat org.testng.SuiteRunner.runSequentially(SuiteRunner.java:437)\n\tat org.testng.SuiteRunner.privateRun(SuiteRunner.java:397)\n\tat org.testng.SuiteRunner.run(SuiteRunner.java:336)\n\tat org.testng.SuiteRunnerWorker.runSuite(SuiteRunnerWorker.java:52)\n\tat org.testng.SuiteRunnerWorker.run(SuiteRunnerWorker.java:95)\n\tat org.testng.TestNG.runSuitesSequentially(TestNG.java:1280)\n\tat org.testng.TestNG.runSuitesLocally(TestNG.java:1200)\n\tat org.testng.TestNG.runSuites(TestNG.java:1114)\n\tat org.testng.TestNG.run(TestNG.java:1082)\n\tat org.apache.maven.surefire.testng.TestNGExecutor.run(TestNGExecutor.java:135)\n\tat org.apache.maven.surefire.testng.TestNGDirectoryTestSuite.executeMulti(TestNGDirectoryTestSuite.java:193)\n\tat org.apache.maven.surefire.testng.TestNGDirectoryTestSuite.execute(TestNGDirectoryTestSuite.java:94)\n\tat org.apache.maven.surefire.testng.TestNGProvider.invoke(TestNGProvider.java:146)\n\tat org.apache.maven.surefire.booter.ForkedBooter.invokeProviderInSameClassLoader(ForkedBooter.java:386)\n\tat org.apache.maven.surefire.booter.ForkedBooter.runSuitesInProcess(ForkedBooter.java:323)\n\tat org.apache.maven.surefire.booter.ForkedBooter.main(ForkedBooter.java:143)\nCaused by: com.microsoft.playwright.impl.DriverException: Error {\n  message='Element is not attached to the DOM\n=========================== logs ===========================\n  waiting for element to be stable\n    element is not stable - waiting...\n  element is stable\n============================================================\n  name='Error\n  stack='Error: Element is not attached to the DOM\n=========================== logs ===========================\n  waiting for element to be stable\n    element is not stable - waiting...\n  element is stable\n============================================================\n    at throwRetargetableDOMError (/tmp/playwright-java-9643148189664186449/package/lib/server/dom.js:822:46)\n    at ElementHandle._waitAndScrollIntoViewIfNeeded (/tmp/playwright-java-9643148189664186449/package/lib/server/dom.js:195:22)\n    at async ProgressController.run (/tmp/playwright-java-9643148189664186449/package/lib/server/progress.js:92:22)\n    at async ElementHandleDispatcher.scrollIntoViewIfNeeded (/tmp/playwright-java-9643148189664186449/package/lib/server/dispatchers/elementHandlerDispatcher.js:124:5)\n    at async DispatcherConnection.dispatch (/tmp/playwright-java-9643148189664186449/package/lib/server/dispatchers/dispatcher.js:346:22)\n}\n\tat com.microsoft.playwright.impl.Connection.dispatch(Connection.java:226)\n\tat com.microsoft.playwright.impl.Connection.processOneMessage(Connection.java:206)\n\tat com.microsoft.playwright.impl.ChannelOwner.runUntil(ChannelOwner.java:118)\n\t... 52 more\n","steps":[],"attachments":[],"parameters":[],"shouldDisplayMessage":true,"stepsCount":0,"attachmentsCount":0,"hasContent":true,"attachmentStep":false}],"attachments":[],"parameters":[],"shouldDisplayMessage":false,"stepsCount":2,"attachmentsCount":0,"hasContent":true,"attachmentStep":false}],"attachments":[],"parameters":[],"shouldDisplayMessage":false,"stepsCount":3,"attachmentsCount":0,"hasContent":true,"attachmentStep":false},"afterStages":[{"name":"closeContext","time":{"start":1706557960097,"stop":1706557961077,"duration":980},"description":"","status":"broken","statusMessage":"videos/testDisplayingStatisticsForTests.webm","statusTrace":"java.nio.file.NoSuchFileException: videos/testDisplayingStatisticsForTests.webm\n\tat java.base/sun.nio.fs.UnixException.translateToIOException(UnixException.java:92)\n\tat java.base/sun.nio.fs.UnixException.rethrowAsIOException(UnixException.java:106)\n\tat java.base/sun.nio.fs.UnixException.rethrowAsIOException(UnixException.java:111)\n\tat java.base/sun.nio.fs.UnixFileSystemProvider.newByteChannel(UnixFileSystemProvider.java:218)\n\tat java.base/java.nio.file.Files.newByteChannel(Files.java:380)\n\tat java.base/java.nio.file.Files.newByteChannel(Files.java:432)\n\tat java.base/java.nio.file.Files.readAllBytes(Files.java:3288)\n\tat utils.reports.ReportUtils.addVideoAndTracingToAllureReportForCIFailure(ReportUtils.java:109)\n\tat tests.BaseTest.closeContext(BaseTest.java:101)\n\tat java.base/jdk.internal.reflect.NativeMethodAccessorImpl.invoke0(Native Method)\n\tat java.base/jdk.internal.reflect.NativeMethodAccessorImpl.invoke(NativeMethodAccessorImpl.java:77)\n\tat java.base/jdk.internal.reflect.DelegatingMethodAccessorImpl.invoke(DelegatingMethodAccessorImpl.java:43)\n\tat java.base/java.lang.reflect.Method.invoke(Method.java:568)\n\tat org.testng.internal.invokers.MethodInvocationHelper.invokeMethod(MethodInvocationHelper.java:139)\n\tat org.testng.internal.invokers.MethodInvocationHelper.invokeMethodConsideringTimeout(MethodInvocationHelper.java:69)\n\tat org.testng.internal.invokers.ConfigInvoker.invokeConfigurationMethod(ConfigInvoker.java:390)\n\tat org.testng.internal.invokers.ConfigInvoker.invokeConfigurations(ConfigInvoker.java:325)\n\tat org.testng.internal.invokers.TestInvoker.runConfigMethods(TestInvoker.java:810)\n\tat org.testng.internal.invokers.TestInvoker.runAfterConfigurations(TestInvoker.java:779)\n\tat org.testng.internal.invokers.TestInvoker.invokeMethod(TestInvoker.java:755)\n\tat org.testng.internal.invokers.TestInvoker.invokeTestMethod(TestInvoker.java:227)\n\tat org.testng.internal.invokers.MethodRunner.runInSequence(MethodRunner.java:50)\n\tat org.testng.internal.invokers.TestInvoker$MethodInvocationAgent.invoke(TestInvoker.java:957)\n\tat org.testng.internal.invokers.TestInvoker.invokeTestMethods(TestInvoker.java:200)\n\tat org.testng.internal.invokers.TestMethodWorker.invokeTestMethods(TestMethodWorker.java:148)\n\tat org.testng.internal.invokers.TestMethodWorker.run(TestMethodWorker.java:128)\n\tat java.base/java.util.ArrayList.forEach(ArrayList.java:1511)\n\tat org.testng.TestRunner.privateRun(TestRunner.java:848)\n\tat org.testng.TestRunner.run(TestRunner.java:621)\n\tat org.testng.SuiteRunner.runTest(SuiteRunner.java:443)\n\tat org.testng.SuiteRunner.runSequentially(SuiteRunner.java:437)\n\tat org.testng.SuiteRunner.privateRun(SuiteRunner.java:397)\n\tat org.testng.SuiteRunner.run(SuiteRunner.java:336)\n\tat org.testng.SuiteRunnerWorker.runSuite(SuiteRunnerWorker.java:52)\n\tat org.testng.SuiteRunnerWorker.run(SuiteRunnerWorker.java:95)\n\tat org.testng.TestNG.runSuitesSequentially(TestNG.java:1280)\n\tat org.testng.TestNG.runSuitesLocally(TestNG.java:1200)\n\tat org.testng.TestNG.runSuites(TestNG.java:1114)\n\tat org.testng.TestNG.run(TestNG.java:1082)\n\tat org.apache.maven.surefire.testng.TestNGExecutor.run(TestNGExecutor.java:135)\n\tat org.apache.maven.surefire.testng.TestNGDirectoryTestSuite.executeMulti(TestNGDirectoryTestSuite.java:193)\n\tat org.apache.maven.surefire.testng.TestNGDirectoryTestSuite.execute(TestNGDirectoryTestSuite.java:94)\n\tat org.apache.maven.surefire.testng.TestNGProvider.invoke(TestNGProvider.java:146)\n\tat org.apache.maven.surefire.booter.ForkedBooter.invokeProviderInSameClassLoader(ForkedBooter.java:386)\n\tat org.apache.maven.surefire.booter.ForkedBooter.runSuitesInProcess(ForkedBooter.java:323)\n\tat org.apache.maven.surefire.booter.ForkedBooter.main(ForkedBooter.java:143)\n","steps":[],"attachments":[{"uid":"7576cd244e81bf94","name":"screenshot","source":"7576cd244e81bf94.png","type":"image/png","size":143051}],"parameters":[],"shouldDisplayMessage":true,"stepsCount":0,"attachmentsCount":1,"hasContent":true,"attachmentStep":false}],"labels":[{"name":"package","value":"tests.PerformanceTest"},{"name":"testClass","value":"tests.PerformanceTest"},{"name":"testMethod","value":"testDisplayingStatisticsForTests"},{"name":"parentSuite","value":"Surefire suite"},{"name":"suite","value":"Surefire test"},{"name":"subSuite","value":"tests.PerformanceTest"},{"name":"host","value":"fv-az570-175"},{"name":"thread","value":"4835@fv-az570-175.main(1)"},{"name":"framework","value":"testng"},{"name":"language","value":"java"},{"name":"story","value":"Performance"},{"name":"resultFormat","value":"allure2"}],"parameters":[],"links":[{"name":"p0i1q95cgr11","url":"https://docs.google.com/document/d/1wA-chgwZVZ9nqAXFTYoMyFLLejBkwYfkNHCImvvAlMo/edit?pli=1#heading=h.p0i1q95cgr11","type":"tms"}],"hidden":false,"retry":false,"extra":{"severity":"normal","retries":[],"categories":[{"name":"Test defects","matchedStatuses":[],"flaky":false}],"history":{"statistic":{"failed":0,"broken":1,"skipped":1,"passed":13,"unknown":0,"total":15},"items":[{"uid":"8951817c9d25209","reportUrl":"https://DragonPWJur.github.io/DragonJur/411//#testresult/8951817c9d25209","status":"passed","time":{"start":1706555152363,"stop":1706555174503,"duration":22140}},{"uid":"b1be0d373c412fb0","reportUrl":"https://DragonPWJur.github.io/DragonJur/410//#testresult/b1be0d373c412fb0","status":"skipped","statusDetails":"null","time":{"start":1706551136882,"stop":1706551136882,"duration":0}},{"uid":"e298e4575fb27d96","reportUrl":"https://DragonPWJur.github.io/DragonJur/409//#testresult/e298e4575fb27d96","status":"passed","time":{"start":1706549756889,"stop":1706549783946,"duration":27057}},{"uid":"5b7640137684ed1e","reportUrl":"https://DragonPWJur.github.io/DragonJur/408//#testresult/5b7640137684ed1e","status":"passed","time":{"start":1706548441020,"stop":1706548464081,"duration":23061}},{"uid":"9c95657996532336","reportUrl":"https://DragonPWJur.github.io/DragonJur/407//#testresult/9c95657996532336","status":"passed","time":{"start":1706546475525,"stop":1706546503028,"duration":27503}},{"uid":"9f408d37d51dd382","reportUrl":"https://DragonPWJur.github.io/DragonJur/406//#testresult/9f408d37d51dd382","status":"passed","time":{"start":1706543893179,"stop":1706543910290,"duration":17111}},{"uid":"254fe237686c44d5","reportUrl":"https://DragonPWJur.github.io/DragonJur/405//#testresult/254fe237686c44d5","status":"passed","time":{"start":1706542750237,"stop":1706542767740,"duration":17503}},{"uid":"a971f98d24e2df00","reportUrl":"https://DragonPWJur.github.io/DragonJur/404//#testresult/a971f98d24e2df00","status":"passed","time":{"start":1706541854657,"stop":1706541876096,"duration":21439}},{"uid":"8ab7c70f4737239d","reportUrl":"https://DragonPWJur.github.io/DragonJur/403//#testresult/8ab7c70f4737239d","status":"passed","time":{"start":1706522696419,"stop":1706522724012,"duration":27593}},{"uid":"6ef345a7f0a4e8fc","reportUrl":"https://DragonPWJur.github.io/DragonJur/402//#testresult/6ef345a7f0a4e8fc","status":"passed","time":{"start":1706413434138,"stop":1706413456798,"duration":22660}},{"uid":"3672042d8788ec4c","reportUrl":"https://DragonPWJur.github.io/DragonJur/400//#testresult/3672042d8788ec4c","status":"passed","time":{"start":1706412919109,"stop":1706412942979,"duration":23870}},{"uid":"6bd3b0c87a787de0","reportUrl":"https://DragonPWJur.github.io/DragonJur/401//#testresult/6bd3b0c87a787de0","status":"passed","time":{"start":1706412676251,"stop":1706412694849,"duration":18598}},{"uid":"27dd759f683d9686","reportUrl":"https://DragonPWJur.github.io/DragonJur/400//#testresult/27dd759f683d9686","status":"passed","time":{"start":1706412047520,"stop":1706412070592,"duration":23072}},{"uid":"3afb4db761fef85c","reportUrl":"https://DragonPWJur.github.io/DragonJur/399//#testresult/3afb4db761fef85c","status":"passed","time":{"start":1706411203327,"stop":1706411220321,"duration":16994}}]},"tags":[]},"source":"16e0b06d52199c99.json","parameterValues":[]}