{"uid":"638d0215cc71cbb5","name":"testDisplayingStatisticsForTests","fullName":"tests.PerformanceTest.testDisplayingStatisticsForTests","historyId":"411531281b4d60c74089e9257ce2b139","time":{"start":1705754596852,"stop":1705754611152,"duration":14300},"status":"failed","statusMessage":"expected [7.7] but found [0.0]","statusTrace":"java.lang.AssertionError: expected [7.7] but found [0.0]\n\tat org.testng.Assert.fail(Assert.java:111)\n\tat org.testng.Assert.failNotEquals(Assert.java:1578)\n\tat org.testng.Assert.assertEquals(Assert.java:728)\n\tat org.testng.Assert.assertEquals(Assert.java:775)\n\tat tests.PerformanceTest.testDisplayingStatisticsForTests(PerformanceTest.java:38)\n\tat java.base/jdk.internal.reflect.NativeMethodAccessorImpl.invoke0(Native Method)\n\tat java.base/jdk.internal.reflect.NativeMethodAccessorImpl.invoke(NativeMethodAccessorImpl.java:77)\n\tat java.base/jdk.internal.reflect.DelegatingMethodAccessorImpl.invoke(DelegatingMethodAccessorImpl.java:43)\n\tat java.base/java.lang.reflect.Method.invoke(Method.java:568)\n\tat org.testng.internal.invokers.MethodInvocationHelper.invokeMethod(MethodInvocationHelper.java:139)\n\tat org.testng.internal.invokers.TestInvoker.invokeMethod(TestInvoker.java:664)\n\tat org.testng.internal.invokers.TestInvoker.invokeTestMethod(TestInvoker.java:227)\n\tat org.testng.internal.invokers.MethodRunner.runInSequence(MethodRunner.java:50)\n\tat org.testng.internal.invokers.TestInvoker$MethodInvocationAgent.invoke(TestInvoker.java:957)\n\tat org.testng.internal.invokers.TestInvoker.invokeTestMethods(TestInvoker.java:200)\n\tat org.testng.internal.invokers.TestMethodWorker.invokeTestMethods(TestMethodWorker.java:148)\n\tat org.testng.internal.invokers.TestMethodWorker.run(TestMethodWorker.java:128)\n\tat java.base/java.util.ArrayList.forEach(ArrayList.java:1511)\n\tat org.testng.TestRunner.privateRun(TestRunner.java:848)\n\tat org.testng.TestRunner.run(TestRunner.java:621)\n\tat org.testng.SuiteRunner.runTest(SuiteRunner.java:443)\n\tat org.testng.SuiteRunner.runSequentially(SuiteRunner.java:437)\n\tat org.testng.SuiteRunner.privateRun(SuiteRunner.java:397)\n\tat org.testng.SuiteRunner.run(SuiteRunner.java:336)\n\tat org.testng.SuiteRunnerWorker.runSuite(SuiteRunnerWorker.java:52)\n\tat org.testng.SuiteRunnerWorker.run(SuiteRunnerWorker.java:95)\n\tat org.testng.TestNG.runSuitesSequentially(TestNG.java:1280)\n\tat org.testng.TestNG.runSuitesLocally(TestNG.java:1200)\n\tat org.testng.TestNG.runSuites(TestNG.java:1114)\n\tat org.testng.TestNG.run(TestNG.java:1082)\n\tat org.apache.maven.surefire.testng.TestNGExecutor.run(TestNGExecutor.java:135)\n\tat org.apache.maven.surefire.testng.TestNGDirectoryTestSuite.executeMulti(TestNGDirectoryTestSuite.java:193)\n\tat org.apache.maven.surefire.testng.TestNGDirectoryTestSuite.execute(TestNGDirectoryTestSuite.java:94)\n\tat org.apache.maven.surefire.testng.TestNGProvider.invoke(TestNGProvider.java:146)\n\tat org.apache.maven.surefire.booter.ForkedBooter.invokeProviderInSameClassLoader(ForkedBooter.java:386)\n\tat org.apache.maven.surefire.booter.ForkedBooter.runSuitesInProcess(ForkedBooter.java:323)\n\tat org.apache.maven.surefire.booter.ForkedBooter.main(ForkedBooter.java:143)\n","flaky":false,"newFailed":true,"newBroken":false,"newPassed":false,"retriesCount":0,"retriesStatusChange":false,"beforeStages":[{"name":"createContextAndPage","time":{"start":1705754593024,"stop":1705754596850,"duration":3826},"description":"","status":"passed","steps":[],"attachments":[],"parameters":[],"shouldDisplayMessage":false,"stepsCount":0,"attachmentsCount":0,"hasContent":false,"attachmentStep":false}],"testStage":{"status":"failed","statusMessage":"expected [7.7] but found [0.0]","statusTrace":"java.lang.AssertionError: expected [7.7] but found [0.0]\n\tat org.testng.Assert.fail(Assert.java:111)\n\tat org.testng.Assert.failNotEquals(Assert.java:1578)\n\tat org.testng.Assert.assertEquals(Assert.java:728)\n\tat org.testng.Assert.assertEquals(Assert.java:775)\n\tat tests.PerformanceTest.testDisplayingStatisticsForTests(PerformanceTest.java:38)\n\tat java.base/jdk.internal.reflect.NativeMethodAccessorImpl.invoke0(Native Method)\n\tat java.base/jdk.internal.reflect.NativeMethodAccessorImpl.invoke(NativeMethodAccessorImpl.java:77)\n\tat java.base/jdk.internal.reflect.DelegatingMethodAccessorImpl.invoke(DelegatingMethodAccessorImpl.java:43)\n\tat java.base/java.lang.reflect.Method.invoke(Method.java:568)\n\tat org.testng.internal.invokers.MethodInvocationHelper.invokeMethod(MethodInvocationHelper.java:139)\n\tat org.testng.internal.invokers.TestInvoker.invokeMethod(TestInvoker.java:664)\n\tat org.testng.internal.invokers.TestInvoker.invokeTestMethod(TestInvoker.java:227)\n\tat org.testng.internal.invokers.MethodRunner.runInSequence(MethodRunner.java:50)\n\tat org.testng.internal.invokers.TestInvoker$MethodInvocationAgent.invoke(TestInvoker.java:957)\n\tat org.testng.internal.invokers.TestInvoker.invokeTestMethods(TestInvoker.java:200)\n\tat org.testng.internal.invokers.TestMethodWorker.invokeTestMethods(TestMethodWorker.java:148)\n\tat org.testng.internal.invokers.TestMethodWorker.run(TestMethodWorker.java:128)\n\tat java.base/java.util.ArrayList.forEach(ArrayList.java:1511)\n\tat org.testng.TestRunner.privateRun(TestRunner.java:848)\n\tat org.testng.TestRunner.run(TestRunner.java:621)\n\tat org.testng.SuiteRunner.runTest(SuiteRunner.java:443)\n\tat org.testng.SuiteRunner.runSequentially(SuiteRunner.java:437)\n\tat org.testng.SuiteRunner.privateRun(SuiteRunner.java:397)\n\tat org.testng.SuiteRunner.run(SuiteRunner.java:336)\n\tat org.testng.SuiteRunnerWorker.runSuite(SuiteRunnerWorker.java:52)\n\tat org.testng.SuiteRunnerWorker.run(SuiteRunnerWorker.java:95)\n\tat org.testng.TestNG.runSuitesSequentially(TestNG.java:1280)\n\tat org.testng.TestNG.runSuitesLocally(TestNG.java:1200)\n\tat org.testng.TestNG.runSuites(TestNG.java:1114)\n\tat org.testng.TestNG.run(TestNG.java:1082)\n\tat org.apache.maven.surefire.testng.TestNGExecutor.run(TestNGExecutor.java:135)\n\tat org.apache.maven.surefire.testng.TestNGDirectoryTestSuite.executeMulti(TestNGDirectoryTestSuite.java:193)\n\tat org.apache.maven.surefire.testng.TestNGDirectoryTestSuite.execute(TestNGDirectoryTestSuite.java:94)\n\tat org.apache.maven.surefire.testng.TestNGProvider.invoke(TestNGProvider.java:146)\n\tat org.apache.maven.surefire.booter.ForkedBooter.invokeProviderInSameClassLoader(ForkedBooter.java:386)\n\tat org.apache.maven.surefire.booter.ForkedBooter.runSuitesInProcess(ForkedBooter.java:323)\n\tat org.apache.maven.surefire.booter.ForkedBooter.main(ForkedBooter.java:143)\n","steps":[{"name":"Click 'Tests' button on side menu","time":{"start":1705754598459,"stop":1705754598677,"duration":218},"status":"passed","steps":[],"attachments":[],"parameters":[],"shouldDisplayMessage":false,"stepsCount":0,"attachmentsCount":0,"hasContent":false,"attachmentStep":false},{"name":"Click 'Domains' button","time":{"start":1705754598700,"stop":1705754598712,"duration":12},"status":"passed","steps":[],"attachments":[],"parameters":[],"shouldDisplayMessage":false,"stepsCount":0,"attachmentsCount":0,"hasContent":false,"attachmentStep":false},{"name":"Set '4' as number of questions","time":{"start":1705754599118,"stop":1705754599155,"duration":37},"status":"passed","steps":[],"attachments":[],"parameters":[{"name":"number","value":"4"}],"shouldDisplayMessage":false,"stepsCount":0,"attachmentsCount":0,"hasContent":true,"attachmentStep":false},{"name":"Click 'Tests' button on side menu","time":{"start":1705754603972,"stop":1705754604259,"duration":287},"status":"passed","steps":[],"attachments":[],"parameters":[],"shouldDisplayMessage":false,"stepsCount":0,"attachmentsCount":0,"hasContent":false,"attachmentStep":false},{"name":"Click 'Domains' button","time":{"start":1705754604276,"stop":1705754604293,"duration":17},"status":"passed","steps":[],"attachments":[],"parameters":[],"shouldDisplayMessage":false,"stepsCount":0,"attachmentsCount":0,"hasContent":false,"attachmentStep":false},{"name":"Set '5' as number of questions","time":{"start":1705754604684,"stop":1705754604714,"duration":30},"status":"passed","steps":[],"attachments":[],"parameters":[{"name":"number","value":"5"}],"shouldDisplayMessage":false,"stepsCount":0,"attachmentsCount":0,"hasContent":true,"attachmentStep":false}],"attachments":[],"parameters":[],"shouldDisplayMessage":true,"stepsCount":6,"attachmentsCount":0,"hasContent":true,"attachmentStep":false},"afterStages":[{"name":"closeContext","time":{"start":1705754611194,"stop":1705754613143,"duration":1949},"description":"","status":"passed","steps":[],"attachments":[{"uid":"174d2b0fde532c13","name":"screenshot","source":"174d2b0fde532c13.png","type":"image/png","size":66497},{"uid":"293a2ebeeb266f69","name":"video","source":"293a2ebeeb266f69.webm","type":"videos/webm","size":2291290},{"uid":"1f67b6351bd48c79","name":"tracing","source":"1f67b6351bd48c79.zip","type":"archive/zip","size":23001825}],"parameters":[],"shouldDisplayMessage":false,"stepsCount":0,"attachmentsCount":3,"hasContent":true,"attachmentStep":false}],"labels":[{"name":"package","value":"tests.PerformanceTest"},{"name":"testClass","value":"tests.PerformanceTest"},{"name":"testMethod","value":"testDisplayingStatisticsForTests"},{"name":"parentSuite","value":"Surefire suite"},{"name":"suite","value":"Surefire test"},{"name":"subSuite","value":"tests.PerformanceTest"},{"name":"host","value":"fv-az1020-538"},{"name":"thread","value":"4726@fv-az1020-538.main(1)"},{"name":"framework","value":"testng"},{"name":"language","value":"java"},{"name":"resultFormat","value":"allure2"}],"parameters":[],"links":[],"hidden":false,"retry":false,"extra":{"severity":"normal","retries":[],"categories":[{"name":"Product defects","matchedStatuses":[],"flaky":false}],"history":{"statistic":{"failed":1,"broken":1,"skipped":0,"passed":6,"unknown":0,"total":8},"items":[{"uid":"3c258ea058f8eb01","reportUrl":"https://DragonPWJur.github.io/DragonJur/306//#testresult/3c258ea058f8eb01","status":"passed","time":{"start":1705754516856,"stop":1705754532521,"duration":15665}},{"uid":"160827ac419428d7","reportUrl":"https://DragonPWJur.github.io/DragonJur/305//#testresult/160827ac419428d7","status":"passed","time":{"start":1705747401749,"stop":1705747420649,"duration":18900}},{"uid":"c938a42b869a8f4f","reportUrl":"https://DragonPWJur.github.io/DragonJur/304//#testresult/c938a42b869a8f4f","status":"passed","time":{"start":1705736896903,"stop":1705736912700,"duration":15797}},{"uid":"96dcca90883189b5","reportUrl":"https://DragonPWJur.github.io/DragonJur/303//#testresult/96dcca90883189b5","status":"passed","time":{"start":1705727506653,"stop":1705727525064,"duration":18411}},{"uid":"8683cb18152a6693","reportUrl":"https://DragonPWJur.github.io/DragonJur/301//#testresult/8683cb18152a6693","status":"broken","statusDetails":"Error {\n  message='Timeout 30000ms exceeded.\n=========================== logs ===========================\nwaiting for getByText(\"Correct Answer\")\n  locator resolved to <label class=\"sc-bjUoiL gxIpdQ\" for=\"96b10f5e-b88a-4f36…>To increase test coverage and efficiency - Correc…</label>\nattempting click action\n  waiting for element to be visible, enabled and stable\n  element is visible, enabled and stable\n  scrolling into view if needed\nelement was detached from the DOM, retrying\n============================================================\n  name='TimeoutError\n  stack='TimeoutError: Timeout 30000ms exceeded.\n=========================== logs ===========================\nwaiting for getByText(\"Correct Answer\")\n  locator resolved to <label class=\"sc-bjUoiL gxIpdQ\" for=\"96b10f5e-b88a-4f36…>To increase test coverage and efficiency - Correc…</label>\nattempting click action\n  waiting for element to be visible, enabled and stable\n  element is visible, enabled and stable\n  scrolling into view if needed\nelement was detached from the DOM, retrying\n============================================================\n    at ProgressController.run (/tmp/playwright-java-16700748690982721524/package/lib/server/progress.js:88:26)\n    at Frame.click (/tmp/playwright-java-16700748690982721524/package/lib/server/frames.js:995:23)\n    at FrameDispatcher.click (/tmp/playwright-java-16700748690982721524/package/lib/server/dispatchers/frameDispatcher.js:154:30)\n    at DispatcherConnection.dispatch (/tmp/playwright-java-16700748690982721524/package/lib/server/dispatchers/dispatcher.js:346:46)\n}","time":{"start":1705727189462,"stop":1705727227637,"duration":38175}},{"uid":"b4b14449d9df24c","reportUrl":"https://DragonPWJur.github.io/DragonJur/302//#testresult/b4b14449d9df24c","status":"passed","time":{"start":1705726743836,"stop":1705726765257,"duration":21421}},{"uid":"f0c5bd66faea4b05","reportUrl":"https://DragonPWJur.github.io/DragonJur/301//#testresult/f0c5bd66faea4b05","status":"passed","time":{"start":1705725888419,"stop":1705725901506,"duration":13087}}]},"tags":[]},"source":"638d0215cc71cbb5.json","parameterValues":[]}