{"uid":"b30c34fae88d002a","name":"TC1357-01 - Displaying Statistics for All Flashcards.","fullName":"tests.PerformanceTest.testDisplayingStatisticsForAllFlashcards","historyId":"407759d9bc417a8d637255408739c9f2","time":{"start":1706645719754,"stop":1706645742488,"duration":22734},"description":"Objective: To confirm the accurate display of statistics for all flashcards in the Performance section.","descriptionHtml":"<p>Objective: To confirm the accurate display of statistics for all flashcards in the Performance section.</p>\n","status":"failed","statusMessage":"expected [5.0] but found [0.0]","statusTrace":"java.lang.AssertionError: expected [5.0] but found [0.0]\n\tat org.testng.Assert.fail(Assert.java:111)\n\tat org.testng.Assert.failNotEquals(Assert.java:1578)\n\tat org.testng.Assert.assertEquals(Assert.java:728)\n\tat org.testng.Assert.assertEquals(Assert.java:775)\n\tat tests.PerformanceTest.testDisplayingStatisticsForAllFlashcards(PerformanceTest.java:165)\n\tat java.base/jdk.internal.reflect.NativeMethodAccessorImpl.invoke0(Native Method)\n\tat java.base/jdk.internal.reflect.NativeMethodAccessorImpl.invoke(NativeMethodAccessorImpl.java:77)\n\tat java.base/jdk.internal.reflect.DelegatingMethodAccessorImpl.invoke(DelegatingMethodAccessorImpl.java:43)\n\tat java.base/java.lang.reflect.Method.invoke(Method.java:568)\n\tat org.testng.internal.invokers.MethodInvocationHelper.invokeMethod(MethodInvocationHelper.java:139)\n\tat org.testng.internal.invokers.TestInvoker.invokeMethod(TestInvoker.java:664)\n\tat org.testng.internal.invokers.TestInvoker.invokeTestMethod(TestInvoker.java:227)\n\tat org.testng.internal.invokers.MethodRunner.runInSequence(MethodRunner.java:50)\n\tat org.testng.internal.invokers.TestInvoker$MethodInvocationAgent.invoke(TestInvoker.java:957)\n\tat org.testng.internal.invokers.TestInvoker.invokeTestMethods(TestInvoker.java:200)\n\tat org.testng.internal.invokers.TestMethodWorker.invokeTestMethods(TestMethodWorker.java:148)\n\tat org.testng.internal.invokers.TestMethodWorker.run(TestMethodWorker.java:128)\n\tat java.base/java.util.ArrayList.forEach(ArrayList.java:1511)\n\tat org.testng.TestRunner.privateRun(TestRunner.java:848)\n\tat org.testng.TestRunner.run(TestRunner.java:621)\n\tat org.testng.SuiteRunner.runTest(SuiteRunner.java:443)\n\tat org.testng.SuiteRunner.runSequentially(SuiteRunner.java:437)\n\tat org.testng.SuiteRunner.privateRun(SuiteRunner.java:397)\n\tat org.testng.SuiteRunner.run(SuiteRunner.java:336)\n\tat org.testng.SuiteRunnerWorker.runSuite(SuiteRunnerWorker.java:52)\n\tat org.testng.SuiteRunnerWorker.run(SuiteRunnerWorker.java:95)\n\tat org.testng.TestNG.runSuitesSequentially(TestNG.java:1280)\n\tat org.testng.TestNG.runSuitesLocally(TestNG.java:1200)\n\tat org.testng.TestNG.runSuites(TestNG.java:1114)\n\tat org.testng.TestNG.run(TestNG.java:1082)\n\tat org.apache.maven.surefire.testng.TestNGExecutor.run(TestNGExecutor.java:135)\n\tat org.apache.maven.surefire.testng.TestNGDirectoryTestSuite.executeMulti(TestNGDirectoryTestSuite.java:193)\n\tat org.apache.maven.surefire.testng.TestNGDirectoryTestSuite.execute(TestNGDirectoryTestSuite.java:94)\n\tat org.apache.maven.surefire.testng.TestNGProvider.invoke(TestNGProvider.java:146)\n\tat org.apache.maven.surefire.booter.ForkedBooter.invokeProviderInSameClassLoader(ForkedBooter.java:386)\n\tat org.apache.maven.surefire.booter.ForkedBooter.runSuitesInProcess(ForkedBooter.java:323)\n\tat org.apache.maven.surefire.booter.ForkedBooter.main(ForkedBooter.java:143)\n","flaky":false,"newFailed":true,"newBroken":false,"newPassed":false,"retriesCount":0,"retriesStatusChange":false,"beforeStages":[{"name":"createContextAndPage","time":{"start":1706645715731,"stop":1706645719751,"duration":4020},"description":"","status":"passed","steps":[],"attachments":[],"parameters":[],"shouldDisplayMessage":false,"stepsCount":0,"attachmentsCount":0,"hasContent":false,"attachmentStep":false}],"testStage":{"description":"Objective: To confirm the accurate display of statistics for all flashcards in the Performance section.","status":"failed","statusMessage":"expected [5.0] but found [0.0]","statusTrace":"java.lang.AssertionError: expected [5.0] but found [0.0]\n\tat org.testng.Assert.fail(Assert.java:111)\n\tat org.testng.Assert.failNotEquals(Assert.java:1578)\n\tat org.testng.Assert.assertEquals(Assert.java:728)\n\tat org.testng.Assert.assertEquals(Assert.java:775)\n\tat tests.PerformanceTest.testDisplayingStatisticsForAllFlashcards(PerformanceTest.java:165)\n\tat java.base/jdk.internal.reflect.NativeMethodAccessorImpl.invoke0(Native Method)\n\tat java.base/jdk.internal.reflect.NativeMethodAccessorImpl.invoke(NativeMethodAccessorImpl.java:77)\n\tat java.base/jdk.internal.reflect.DelegatingMethodAccessorImpl.invoke(DelegatingMethodAccessorImpl.java:43)\n\tat java.base/java.lang.reflect.Method.invoke(Method.java:568)\n\tat org.testng.internal.invokers.MethodInvocationHelper.invokeMethod(MethodInvocationHelper.java:139)\n\tat org.testng.internal.invokers.TestInvoker.invokeMethod(TestInvoker.java:664)\n\tat org.testng.internal.invokers.TestInvoker.invokeTestMethod(TestInvoker.java:227)\n\tat org.testng.internal.invokers.MethodRunner.runInSequence(MethodRunner.java:50)\n\tat org.testng.internal.invokers.TestInvoker$MethodInvocationAgent.invoke(TestInvoker.java:957)\n\tat org.testng.internal.invokers.TestInvoker.invokeTestMethods(TestInvoker.java:200)\n\tat org.testng.internal.invokers.TestMethodWorker.invokeTestMethods(TestMethodWorker.java:148)\n\tat org.testng.internal.invokers.TestMethodWorker.run(TestMethodWorker.java:128)\n\tat java.base/java.util.ArrayList.forEach(ArrayList.java:1511)\n\tat org.testng.TestRunner.privateRun(TestRunner.java:848)\n\tat org.testng.TestRunner.run(TestRunner.java:621)\n\tat org.testng.SuiteRunner.runTest(SuiteRunner.java:443)\n\tat org.testng.SuiteRunner.runSequentially(SuiteRunner.java:437)\n\tat org.testng.SuiteRunner.privateRun(SuiteRunner.java:397)\n\tat org.testng.SuiteRunner.run(SuiteRunner.java:336)\n\tat org.testng.SuiteRunnerWorker.runSuite(SuiteRunnerWorker.java:52)\n\tat org.testng.SuiteRunnerWorker.run(SuiteRunnerWorker.java:95)\n\tat org.testng.TestNG.runSuitesSequentially(TestNG.java:1280)\n\tat org.testng.TestNG.runSuitesLocally(TestNG.java:1200)\n\tat org.testng.TestNG.runSuites(TestNG.java:1114)\n\tat org.testng.TestNG.run(TestNG.java:1082)\n\tat org.apache.maven.surefire.testng.TestNGExecutor.run(TestNGExecutor.java:135)\n\tat org.apache.maven.surefire.testng.TestNGDirectoryTestSuite.executeMulti(TestNGDirectoryTestSuite.java:193)\n\tat org.apache.maven.surefire.testng.TestNGDirectoryTestSuite.execute(TestNGDirectoryTestSuite.java:94)\n\tat org.apache.maven.surefire.testng.TestNGProvider.invoke(TestNGProvider.java:146)\n\tat org.apache.maven.surefire.booter.ForkedBooter.invokeProviderInSameClassLoader(ForkedBooter.java:386)\n\tat org.apache.maven.surefire.booter.ForkedBooter.runSuitesInProcess(ForkedBooter.java:323)\n\tat org.apache.maven.surefire.booter.ForkedBooter.main(ForkedBooter.java:143)\n","steps":[{"name":"Set answer options for 9 cards as: 3 cards - Yes, 3 cards - Kinda, 3 cards - No.","time":{"start":1706645719779,"stop":1706645740360,"duration":20581},"status":"passed","steps":[],"attachments":[],"parameters":[{"name":"stackNames","value":"[Rustic Granite Pants, Rustic Wooden Bacon, Lorem ipsum dolor sit amet, Sleek Soft Keyboard]"}],"shouldDisplayMessage":false,"stepsCount":0,"attachmentsCount":0,"hasContent":true,"attachmentStep":false},{"name":"Click side menu 'Performance'.","time":{"start":1706645740421,"stop":1706645740562,"duration":141},"status":"passed","steps":[],"attachments":[],"parameters":[],"shouldDisplayMessage":false,"stepsCount":0,"attachmentsCount":0,"hasContent":false,"attachmentStep":false},{"name":"Click on “Overall”.","time":{"start":1706645740638,"stop":1706645740732,"duration":94},"status":"passed","steps":[],"attachments":[],"parameters":[],"shouldDisplayMessage":false,"stepsCount":0,"attachmentsCount":0,"hasContent":false,"attachmentStep":false},{"name":"Click 'All flashcards' filter.","time":{"start":1706645740760,"stop":1706645742365,"duration":1605},"status":"passed","steps":[],"attachments":[],"parameters":[],"shouldDisplayMessage":false,"stepsCount":0,"attachmentsCount":0,"hasContent":false,"attachmentStep":false}],"attachments":[],"parameters":[],"shouldDisplayMessage":true,"stepsCount":4,"attachmentsCount":0,"hasContent":true,"attachmentStep":false},"afterStages":[{"name":"closeContext","time":{"start":1706645742496,"stop":1706645745574,"duration":3078},"description":"","status":"passed","steps":[],"attachments":[{"uid":"8c49342a53b4bacf","name":"screenshot","source":"8c49342a53b4bacf.png","type":"image/png","size":65504},{"uid":"8200c897df950b4f","name":"video","source":"8200c897df950b4f.webm","type":"videos/webm","size":1154962},{"uid":"83e162bbae6919d3","name":"tracing","source":"83e162bbae6919d3.zip","type":"archive/zip","size":3434481}],"parameters":[],"shouldDisplayMessage":false,"stepsCount":0,"attachmentsCount":3,"hasContent":true,"attachmentStep":false}],"labels":[{"name":"package","value":"tests.PerformanceTest"},{"name":"testClass","value":"tests.PerformanceTest"},{"name":"testMethod","value":"testDisplayingStatisticsForAllFlashcards"},{"name":"parentSuite","value":"Surefire suite"},{"name":"suite","value":"Surefire test"},{"name":"subSuite","value":"tests.PerformanceTest"},{"name":"host","value":"fv-az702-516"},{"name":"thread","value":"4839@fv-az702-516.main(1)"},{"name":"framework","value":"testng"},{"name":"language","value":"java"},{"name":"story","value":"Performance"},{"name":"resultFormat","value":"allure2"}],"parameters":[],"links":[{"name":"qkc4xrnd166z","url":"https://docs.google.com/document/d/1wA-chgwZVZ9nqAXFTYoMyFLLejBkwYfkNHCImvvAlMo/edit?pli=1#heading=h.qkc4xrnd166z","type":"tms"}],"hidden":false,"retry":false,"extra":{"severity":"normal","retries":[],"categories":[{"name":"Product defects","matchedStatuses":[],"flaky":false}],"history":{"statistic":{"failed":1,"broken":0,"skipped":0,"passed":3,"unknown":0,"total":4},"items":[{"uid":"6430dc9887bdcefa","reportUrl":"https://DragonPWJur.github.io/DragonJur/429//#testresult/6430dc9887bdcefa","status":"passed","time":{"start":1706644866553,"stop":1706644888798,"duration":22245}},{"uid":"7c2f474387feb175","reportUrl":"https://DragonPWJur.github.io/DragonJur/427//#testresult/7c2f474387feb175","status":"passed","time":{"start":1706643848156,"stop":1706643876535,"duration":28379}},{"uid":"9af9b1427b6bf709","reportUrl":"https://DragonPWJur.github.io/DragonJur/427//#testresult/9af9b1427b6bf709","status":"passed","time":{"start":1706642856142,"stop":1706642885627,"duration":29485}}]},"tags":[]},"source":"b30c34fae88d002a.json","parameterValues":[]}