{"uid":"d523bb94bed3ff74","name":"Ð¢C1356-02 - Displaying Statistics for Tests.","fullName":"tests.PerformanceTest.testDisplayingStatisticsForTests","historyId":"411531281b4d60c74089e9257ce2b139","time":{"start":1706645750212,"stop":1706645752304,"duration":2092},"description":"Objective: To confirm the accurate display of statistics for Tests in the Performance section.","descriptionHtml":"<p>Objective: To confirm the accurate display of statistics for Tests in the Performance section.</p>\n","status":"broken","statusMessage":"Error {\n  message='Element is not attached to the DOM\n=========================== logs ===========================\n  waiting for element to be stable\n  element is stable\n============================================================\n  name='Error\n  stack='Error: Element is not attached to the DOM\n=========================== logs ===========================\n  waiting for element to be stable\n  element is stable\n============================================================\n    at throwRetargetableDOMError (/tmp/playwright-java-16505420200791709735/package/lib/server/dom.js:822:46)\n    at ElementHandle._waitAndScrollIntoViewIfNeeded (/tmp/playwright-java-16505420200791709735/package/lib/server/dom.js:195:22)\n    at async ProgressController.run (/tmp/playwright-java-16505420200791709735/package/lib/server/progress.js:92:22)\n    at async ElementHandleDispatcher.scrollIntoViewIfNeeded (/tmp/playwright-java-16505420200791709735/package/lib/server/dispatchers/elementHandlerDispatcher.js:124:5)\n    at async DispatcherConnection.dispatch (/tmp/playwright-java-16505420200791709735/package/lib/server/dispatchers/dispatcher.js:346:22)\n}","statusTrace":"com.microsoft.playwright.PlaywrightException: Error {\n  message='Element is not attached to the DOM\n=========================== logs ===========================\n  waiting for element to be stable\n  element is stable\n============================================================\n  name='Error\n  stack='Error: Element is not attached to the DOM\n=========================== logs ===========================\n  waiting for element to be stable\n  element is stable\n============================================================\n    at throwRetargetableDOMError (/tmp/playwright-java-16505420200791709735/package/lib/server/dom.js:822:46)\n    at ElementHandle._waitAndScrollIntoViewIfNeeded (/tmp/playwright-java-16505420200791709735/package/lib/server/dom.js:195:22)\n    at async ProgressController.run (/tmp/playwright-java-16505420200791709735/package/lib/server/progress.js:92:22)\n    at async ElementHandleDispatcher.scrollIntoViewIfNeeded (/tmp/playwright-java-16505420200791709735/package/lib/server/dispatchers/elementHandlerDispatcher.js:124:5)\n    at async DispatcherConnection.dispatch (/tmp/playwright-java-16505420200791709735/package/lib/server/dispatchers/dispatcher.js:346:22)\n}\n\tat com.microsoft.playwright.impl.WaitableResult.get(WaitableResult.java:54)\n\tat com.microsoft.playwright.impl.ChannelOwner.runUntil(ChannelOwner.java:120)\n\tat com.microsoft.playwright.impl.Connection.sendMessage(Connection.java:126)\n\tat com.microsoft.playwright.impl.ChannelOwner.sendMessage(ChannelOwner.java:106)\n\tat com.microsoft.playwright.impl.ElementHandleImpl.scrollIntoViewIfNeededImpl(ElementHandleImpl.java:399)\n\tat com.microsoft.playwright.impl.ElementHandleImpl.lambda$scrollIntoViewIfNeeded$26(ElementHandleImpl.java:361)\n\tat com.microsoft.playwright.impl.LoggingSupport.lambda$withLogging$0(LoggingSupport.java:36)\n\tat com.microsoft.playwright.impl.LoggingSupport.withLogging(LoggingSupport.java:47)\n\tat com.microsoft.playwright.impl.ChannelOwner.withLogging(ChannelOwner.java:89)\n\tat com.microsoft.playwright.impl.LoggingSupport.withLogging(LoggingSupport.java:35)\n\tat com.microsoft.playwright.impl.ElementHandleImpl.scrollIntoViewIfNeeded(ElementHandleImpl.java:361)\n\tat com.microsoft.playwright.impl.LocatorImpl.lambda$scrollIntoViewIfNeeded$5(LocatorImpl.java:452)\n\tat com.microsoft.playwright.impl.LocatorImpl.withElement(LocatorImpl.java:66)\n\tat com.microsoft.playwright.impl.LocatorImpl.scrollIntoViewIfNeeded(LocatorImpl.java:451)\n\tat com.microsoft.playwright.Locator.scrollIntoViewIfNeeded(Locator.java:4205)\n\tat pages.BaseLocator.getList(BaseLocator.java:147)\n\tat pages.BaseLocator.allCheckboxes(BaseLocator.java:120)\n\tat pages.HomePage.<init>(HomePage.java:19)\n\tat pages.BaseSideMenu.clickHomeMenu(BaseSideMenu.java:24)\n\tat pages.PerformancePage.clickHomeMenu(PerformancePage.java:13)\n\tat pages.PreconditionPage.getNumberOfQuestions(PreconditionPage.java:228)\n\tat tests.PerformanceTest.testDisplayingStatisticsForTests(PerformanceTest.java:32)\n\tat java.base/jdk.internal.reflect.NativeMethodAccessorImpl.invoke0(Native Method)\n\tat java.base/jdk.internal.reflect.NativeMethodAccessorImpl.invoke(NativeMethodAccessorImpl.java:77)\n\tat java.base/jdk.internal.reflect.DelegatingMethodAccessorImpl.invoke(DelegatingMethodAccessorImpl.java:43)\n\tat java.base/java.lang.reflect.Method.invoke(Method.java:568)\n\tat org.testng.internal.invokers.MethodInvocationHelper.invokeMethod(MethodInvocationHelper.java:139)\n\tat org.testng.internal.invokers.TestInvoker.invokeMethod(TestInvoker.java:664)\n\tat org.testng.internal.invokers.TestInvoker.invokeTestMethod(TestInvoker.java:227)\n\tat org.testng.internal.invokers.MethodRunner.runInSequence(MethodRunner.java:50)\n\tat org.testng.internal.invokers.TestInvoker$MethodInvocationAgent.invoke(TestInvoker.java:957)\n\tat org.testng.internal.invokers.TestInvoker.invokeTestMethods(TestInvoker.java:200)\n\tat org.testng.internal.invokers.TestMethodWorker.invokeTestMethods(TestMethodWorker.java:148)\n\tat org.testng.internal.invokers.TestMethodWorker.run(TestMethodWorker.java:128)\n\tat java.base/java.util.ArrayList.forEach(ArrayList.java:1511)\n\tat org.testng.TestRunner.privateRun(TestRunner.java:848)\n\tat org.testng.TestRunner.run(TestRunner.java:621)\n\tat org.testng.SuiteRunner.runTest(SuiteRunner.java:443)\n\tat org.testng.SuiteRunner.runSequentially(SuiteRunner.java:437)\n\tat org.testng.SuiteRunner.privateRun(SuiteRunner.java:397)\n\tat org.testng.SuiteRunner.run(SuiteRunner.java:336)\n\tat org.testng.SuiteRunnerWorker.runSuite(SuiteRunnerWorker.java:52)\n\tat org.testng.SuiteRunnerWorker.run(SuiteRunnerWorker.java:95)\n\tat org.testng.TestNG.runSuitesSequentially(TestNG.java:1280)\n\tat org.testng.TestNG.runSuitesLocally(TestNG.java:1200)\n\tat org.testng.TestNG.runSuites(TestNG.java:1114)\n\tat org.testng.TestNG.run(TestNG.java:1082)\n\tat org.apache.maven.surefire.testng.TestNGExecutor.run(TestNGExecutor.java:135)\n\tat org.apache.maven.surefire.testng.TestNGDirectoryTestSuite.executeMulti(TestNGDirectoryTestSuite.java:193)\n\tat org.apache.maven.surefire.testng.TestNGDirectoryTestSuite.execute(TestNGDirectoryTestSuite.java:94)\n\tat org.apache.maven.surefire.testng.TestNGProvider.invoke(TestNGProvider.java:146)\n\tat org.apache.maven.surefire.booter.ForkedBooter.invokeProviderInSameClassLoader(ForkedBooter.java:386)\n\tat org.apache.maven.surefire.booter.ForkedBooter.runSuitesInProcess(ForkedBooter.java:323)\n\tat org.apache.maven.surefire.booter.ForkedBooter.main(ForkedBooter.java:143)\nCaused by: com.microsoft.playwright.impl.DriverException: Error {\n  message='Element is not attached to the DOM\n=========================== logs ===========================\n  waiting for element to be stable\n  element is stable\n============================================================\n  name='Error\n  stack='Error: Element is not attached to the DOM\n=========================== logs ===========================\n  waiting for element to be stable\n  element is stable\n============================================================\n    at throwRetargetableDOMError (/tmp/playwright-java-16505420200791709735/package/lib/server/dom.js:822:46)\n    at ElementHandle._waitAndScrollIntoViewIfNeeded (/tmp/playwright-java-16505420200791709735/package/lib/server/dom.js:195:22)\n    at async ProgressController.run (/tmp/playwright-java-16505420200791709735/package/lib/server/progress.js:92:22)\n    at async ElementHandleDispatcher.scrollIntoViewIfNeeded (/tmp/playwright-java-16505420200791709735/package/lib/server/dispatchers/elementHandlerDispatcher.js:124:5)\n    at async DispatcherConnection.dispatch (/tmp/playwright-java-16505420200791709735/package/lib/server/dispatchers/dispatcher.js:346:22)\n}\n\tat com.microsoft.playwright.impl.Connection.dispatch(Connection.java:226)\n\tat com.microsoft.playwright.impl.Connection.processOneMessage(Connection.java:206)\n\tat com.microsoft.playwright.impl.ChannelOwner.runUntil(ChannelOwner.java:118)\n\t... 52 more\n","flaky":false,"newFailed":false,"newBroken":true,"newPassed":false,"retriesCount":0,"retriesStatusChange":false,"beforeStages":[{"name":"createContextAndPage","time":{"start":1706645745576,"stop":1706645750210,"duration":4634},"description":"","status":"passed","steps":[],"attachments":[],"parameters":[],"shouldDisplayMessage":false,"stepsCount":0,"attachmentsCount":0,"hasContent":false,"attachmentStep":false}],"testStage":{"description":"Objective: To confirm the accurate display of statistics for Tests in the Performance section.","status":"broken","statusMessage":"Error {\n  message='Element is not attached to the DOM\n=========================== logs ===========================\n  waiting for element to be stable\n  element is stable\n============================================================\n  name='Error\n  stack='Error: Element is not attached to the DOM\n=========================== logs ===========================\n  waiting for element to be stable\n  element is stable\n============================================================\n    at throwRetargetableDOMError (/tmp/playwright-java-16505420200791709735/package/lib/server/dom.js:822:46)\n    at ElementHandle._waitAndScrollIntoViewIfNeeded (/tmp/playwright-java-16505420200791709735/package/lib/server/dom.js:195:22)\n    at async ProgressController.run (/tmp/playwright-java-16505420200791709735/package/lib/server/progress.js:92:22)\n    at async ElementHandleDispatcher.scrollIntoViewIfNeeded (/tmp/playwright-java-16505420200791709735/package/lib/server/dispatchers/elementHandlerDispatcher.js:124:5)\n    at async DispatcherConnection.dispatch (/tmp/playwright-java-16505420200791709735/package/lib/server/dispatchers/dispatcher.js:346:22)\n}","statusTrace":"com.microsoft.playwright.PlaywrightException: Error {\n  message='Element is not attached to the DOM\n=========================== logs ===========================\n  waiting for element to be stable\n  element is stable\n============================================================\n  name='Error\n  stack='Error: Element is not attached to the DOM\n=========================== logs ===========================\n  waiting for element to be stable\n  element is stable\n============================================================\n    at throwRetargetableDOMError (/tmp/playwright-java-16505420200791709735/package/lib/server/dom.js:822:46)\n    at ElementHandle._waitAndScrollIntoViewIfNeeded (/tmp/playwright-java-16505420200791709735/package/lib/server/dom.js:195:22)\n    at async ProgressController.run (/tmp/playwright-java-16505420200791709735/package/lib/server/progress.js:92:22)\n    at async ElementHandleDispatcher.scrollIntoViewIfNeeded (/tmp/playwright-java-16505420200791709735/package/lib/server/dispatchers/elementHandlerDispatcher.js:124:5)\n    at async DispatcherConnection.dispatch (/tmp/playwright-java-16505420200791709735/package/lib/server/dispatchers/dispatcher.js:346:22)\n}\n\tat com.microsoft.playwright.impl.WaitableResult.get(WaitableResult.java:54)\n\tat com.microsoft.playwright.impl.ChannelOwner.runUntil(ChannelOwner.java:120)\n\tat com.microsoft.playwright.impl.Connection.sendMessage(Connection.java:126)\n\tat com.microsoft.playwright.impl.ChannelOwner.sendMessage(ChannelOwner.java:106)\n\tat com.microsoft.playwright.impl.ElementHandleImpl.scrollIntoViewIfNeededImpl(ElementHandleImpl.java:399)\n\tat com.microsoft.playwright.impl.ElementHandleImpl.lambda$scrollIntoViewIfNeeded$26(ElementHandleImpl.java:361)\n\tat com.microsoft.playwright.impl.LoggingSupport.lambda$withLogging$0(LoggingSupport.java:36)\n\tat com.microsoft.playwright.impl.LoggingSupport.withLogging(LoggingSupport.java:47)\n\tat com.microsoft.playwright.impl.ChannelOwner.withLogging(ChannelOwner.java:89)\n\tat com.microsoft.playwright.impl.LoggingSupport.withLogging(LoggingSupport.java:35)\n\tat com.microsoft.playwright.impl.ElementHandleImpl.scrollIntoViewIfNeeded(ElementHandleImpl.java:361)\n\tat com.microsoft.playwright.impl.LocatorImpl.lambda$scrollIntoViewIfNeeded$5(LocatorImpl.java:452)\n\tat com.microsoft.playwright.impl.LocatorImpl.withElement(LocatorImpl.java:66)\n\tat com.microsoft.playwright.impl.LocatorImpl.scrollIntoViewIfNeeded(LocatorImpl.java:451)\n\tat com.microsoft.playwright.Locator.scrollIntoViewIfNeeded(Locator.java:4205)\n\tat pages.BaseLocator.getList(BaseLocator.java:147)\n\tat pages.BaseLocator.allCheckboxes(BaseLocator.java:120)\n\tat pages.HomePage.<init>(HomePage.java:19)\n\tat pages.BaseSideMenu.clickHomeMenu(BaseSideMenu.java:24)\n\tat pages.PerformancePage.clickHomeMenu(PerformancePage.java:13)\n\tat pages.PreconditionPage.getNumberOfQuestions(PreconditionPage.java:228)\n\tat tests.PerformanceTest.testDisplayingStatisticsForTests(PerformanceTest.java:32)\n\tat java.base/jdk.internal.reflect.NativeMethodAccessorImpl.invoke0(Native Method)\n\tat java.base/jdk.internal.reflect.NativeMethodAccessorImpl.invoke(NativeMethodAccessorImpl.java:77)\n\tat java.base/jdk.internal.reflect.DelegatingMethodAccessorImpl.invoke(DelegatingMethodAccessorImpl.java:43)\n\tat java.base/java.lang.reflect.Method.invoke(Method.java:568)\n\tat org.testng.internal.invokers.MethodInvocationHelper.invokeMethod(MethodInvocationHelper.java:139)\n\tat org.testng.internal.invokers.TestInvoker.invokeMethod(TestInvoker.java:664)\n\tat org.testng.internal.invokers.TestInvoker.invokeTestMethod(TestInvoker.java:227)\n\tat org.testng.internal.invokers.MethodRunner.runInSequence(MethodRunner.java:50)\n\tat org.testng.internal.invokers.TestInvoker$MethodInvocationAgent.invoke(TestInvoker.java:957)\n\tat org.testng.internal.invokers.TestInvoker.invokeTestMethods(TestInvoker.java:200)\n\tat org.testng.internal.invokers.TestMethodWorker.invokeTestMethods(TestMethodWorker.java:148)\n\tat org.testng.internal.invokers.TestMethodWorker.run(TestMethodWorker.java:128)\n\tat java.base/java.util.ArrayList.forEach(ArrayList.java:1511)\n\tat org.testng.TestRunner.privateRun(TestRunner.java:848)\n\tat org.testng.TestRunner.run(TestRunner.java:621)\n\tat org.testng.SuiteRunner.runTest(SuiteRunner.java:443)\n\tat org.testng.SuiteRunner.runSequentially(SuiteRunner.java:437)\n\tat org.testng.SuiteRunner.privateRun(SuiteRunner.java:397)\n\tat org.testng.SuiteRunner.run(SuiteRunner.java:336)\n\tat org.testng.SuiteRunnerWorker.runSuite(SuiteRunnerWorker.java:52)\n\tat org.testng.SuiteRunnerWorker.run(SuiteRunnerWorker.java:95)\n\tat org.testng.TestNG.runSuitesSequentially(TestNG.java:1280)\n\tat org.testng.TestNG.runSuitesLocally(TestNG.java:1200)\n\tat org.testng.TestNG.runSuites(TestNG.java:1114)\n\tat org.testng.TestNG.run(TestNG.java:1082)\n\tat org.apache.maven.surefire.testng.TestNGExecutor.run(TestNGExecutor.java:135)\n\tat org.apache.maven.surefire.testng.TestNGDirectoryTestSuite.executeMulti(TestNGDirectoryTestSuite.java:193)\n\tat org.apache.maven.surefire.testng.TestNGDirectoryTestSuite.execute(TestNGDirectoryTestSuite.java:94)\n\tat org.apache.maven.surefire.testng.TestNGProvider.invoke(TestNGProvider.java:146)\n\tat org.apache.maven.surefire.booter.ForkedBooter.invokeProviderInSameClassLoader(ForkedBooter.java:386)\n\tat org.apache.maven.surefire.booter.ForkedBooter.runSuitesInProcess(ForkedBooter.java:323)\n\tat org.apache.maven.surefire.booter.ForkedBooter.main(ForkedBooter.java:143)\nCaused by: com.microsoft.playwright.impl.DriverException: Error {\n  message='Element is not attached to the DOM\n=========================== logs ===========================\n  waiting for element to be stable\n  element is stable\n============================================================\n  name='Error\n  stack='Error: Element is not attached to the DOM\n=========================== logs ===========================\n  waiting for element to be stable\n  element is stable\n============================================================\n    at throwRetargetableDOMError (/tmp/playwright-java-16505420200791709735/package/lib/server/dom.js:822:46)\n    at ElementHandle._waitAndScrollIntoViewIfNeeded (/tmp/playwright-java-16505420200791709735/package/lib/server/dom.js:195:22)\n    at async ProgressController.run (/tmp/playwright-java-16505420200791709735/package/lib/server/progress.js:92:22)\n    at async ElementHandleDispatcher.scrollIntoViewIfNeeded (/tmp/playwright-java-16505420200791709735/package/lib/server/dispatchers/elementHandlerDispatcher.js:124:5)\n    at async DispatcherConnection.dispatch (/tmp/playwright-java-16505420200791709735/package/lib/server/dispatchers/dispatcher.js:346:22)\n}\n\tat com.microsoft.playwright.impl.Connection.dispatch(Connection.java:226)\n\tat com.microsoft.playwright.impl.Connection.processOneMessage(Connection.java:206)\n\tat com.microsoft.playwright.impl.ChannelOwner.runUntil(ChannelOwner.java:118)\n\t... 52 more\n","steps":[{"name":"Get the number of questions on PerformancePage","time":{"start":1706645750213,"stop":1706645752303,"duration":2090},"status":"broken","statusMessage":"Error {\n  message='Element is not attached to the DOM\n=========================== logs ===========================\n  waiting for element to be stable\n  element is stable\n============================================================\n  name='Error\n  stack='Error: Element is not attached to the DOM\n=========================== logs ===========================\n  waiting for element to be stable\n  element is stable\n============================================================\n    at throwRetargetableDOMError (/tmp/playwright-java-16505420200791709735/package/lib/server/dom.js:822:46)\n    at ElementHandle._waitAndScrollIntoViewIfNeeded (/tmp/playwright-java-16505420200791709735/package/lib/server/dom.js:195:22)\n    at async ProgressController.run (/tmp/playwright-java-16505420200791709735/package/lib/server/progress.js:92:22)\n    at async ElementHandleDispatcher.scrollIntoViewIfNeeded (/tmp/playwright-java-16505420200791709735/package/lib/server/dispatchers/elementHandlerDispatcher.js:124:5)\n    at async DispatcherConnection.dispatch (/tmp/playwright-java-16505420200791709735/package/lib/server/dispatchers/dispatcher.js:346:22)\n}","statusTrace":"com.microsoft.playwright.PlaywrightException: Error {\n  message='Element is not attached to the DOM\n=========================== logs ===========================\n  waiting for element to be stable\n  element is stable\n============================================================\n  name='Error\n  stack='Error: Element is not attached to the DOM\n=========================== logs ===========================\n  waiting for element to be stable\n  element is stable\n============================================================\n    at throwRetargetableDOMError (/tmp/playwright-java-16505420200791709735/package/lib/server/dom.js:822:46)\n    at ElementHandle._waitAndScrollIntoViewIfNeeded (/tmp/playwright-java-16505420200791709735/package/lib/server/dom.js:195:22)\n    at async ProgressController.run (/tmp/playwright-java-16505420200791709735/package/lib/server/progress.js:92:22)\n    at async ElementHandleDispatcher.scrollIntoViewIfNeeded (/tmp/playwright-java-16505420200791709735/package/lib/server/dispatchers/elementHandlerDispatcher.js:124:5)\n    at async DispatcherConnection.dispatch (/tmp/playwright-java-16505420200791709735/package/lib/server/dispatchers/dispatcher.js:346:22)\n}\n\tat com.microsoft.playwright.impl.WaitableResult.get(WaitableResult.java:54)\n\tat com.microsoft.playwright.impl.ChannelOwner.runUntil(ChannelOwner.java:120)\n\tat com.microsoft.playwright.impl.Connection.sendMessage(Connection.java:126)\n\tat com.microsoft.playwright.impl.ChannelOwner.sendMessage(ChannelOwner.java:106)\n\tat com.microsoft.playwright.impl.ElementHandleImpl.scrollIntoViewIfNeededImpl(ElementHandleImpl.java:399)\n\tat com.microsoft.playwright.impl.ElementHandleImpl.lambda$scrollIntoViewIfNeeded$26(ElementHandleImpl.java:361)\n\tat com.microsoft.playwright.impl.LoggingSupport.lambda$withLogging$0(LoggingSupport.java:36)\n\tat com.microsoft.playwright.impl.LoggingSupport.withLogging(LoggingSupport.java:47)\n\tat com.microsoft.playwright.impl.ChannelOwner.withLogging(ChannelOwner.java:89)\n\tat com.microsoft.playwright.impl.LoggingSupport.withLogging(LoggingSupport.java:35)\n\tat com.microsoft.playwright.impl.ElementHandleImpl.scrollIntoViewIfNeeded(ElementHandleImpl.java:361)\n\tat com.microsoft.playwright.impl.LocatorImpl.lambda$scrollIntoViewIfNeeded$5(LocatorImpl.java:452)\n\tat com.microsoft.playwright.impl.LocatorImpl.withElement(LocatorImpl.java:66)\n\tat com.microsoft.playwright.impl.LocatorImpl.scrollIntoViewIfNeeded(LocatorImpl.java:451)\n\tat com.microsoft.playwright.Locator.scrollIntoViewIfNeeded(Locator.java:4205)\n\tat pages.BaseLocator.getList(BaseLocator.java:147)\n\tat pages.BaseLocator.allCheckboxes(BaseLocator.java:120)\n\tat pages.HomePage.<init>(HomePage.java:19)\n\tat pages.BaseSideMenu.clickHomeMenu(BaseSideMenu.java:24)\n\tat pages.PerformancePage.clickHomeMenu(PerformancePage.java:13)\n\tat pages.PreconditionPage.getNumberOfQuestions(PreconditionPage.java:228)\n\tat tests.PerformanceTest.testDisplayingStatisticsForTests(PerformanceTest.java:32)\n\tat java.base/jdk.internal.reflect.NativeMethodAccessorImpl.invoke0(Native Method)\n\tat java.base/jdk.internal.reflect.NativeMethodAccessorImpl.invoke(NativeMethodAccessorImpl.java:77)\n\tat java.base/jdk.internal.reflect.DelegatingMethodAccessorImpl.invoke(DelegatingMethodAccessorImpl.java:43)\n\tat java.base/java.lang.reflect.Method.invoke(Method.java:568)\n\tat org.testng.internal.invokers.MethodInvocationHelper.invokeMethod(MethodInvocationHelper.java:139)\n\tat org.testng.internal.invokers.TestInvoker.invokeMethod(TestInvoker.java:664)\n\tat org.testng.internal.invokers.TestInvoker.invokeTestMethod(TestInvoker.java:227)\n\tat org.testng.internal.invokers.MethodRunner.runInSequence(MethodRunner.java:50)\n\tat org.testng.internal.invokers.TestInvoker$MethodInvocationAgent.invoke(TestInvoker.java:957)\n\tat org.testng.internal.invokers.TestInvoker.invokeTestMethods(TestInvoker.java:200)\n\tat org.testng.internal.invokers.TestMethodWorker.invokeTestMethods(TestMethodWorker.java:148)\n\tat org.testng.internal.invokers.TestMethodWorker.run(TestMethodWorker.java:128)\n\tat java.base/java.util.ArrayList.forEach(ArrayList.java:1511)\n\tat org.testng.TestRunner.privateRun(TestRunner.java:848)\n\tat org.testng.TestRunner.run(TestRunner.java:621)\n\tat org.testng.SuiteRunner.runTest(SuiteRunner.java:443)\n\tat org.testng.SuiteRunner.runSequentially(SuiteRunner.java:437)\n\tat org.testng.SuiteRunner.privateRun(SuiteRunner.java:397)\n\tat org.testng.SuiteRunner.run(SuiteRunner.java:336)\n\tat org.testng.SuiteRunnerWorker.runSuite(SuiteRunnerWorker.java:52)\n\tat org.testng.SuiteRunnerWorker.run(SuiteRunnerWorker.java:95)\n\tat org.testng.TestNG.runSuitesSequentially(TestNG.java:1280)\n\tat org.testng.TestNG.runSuitesLocally(TestNG.java:1200)\n\tat org.testng.TestNG.runSuites(TestNG.java:1114)\n\tat org.testng.TestNG.run(TestNG.java:1082)\n\tat org.apache.maven.surefire.testng.TestNGExecutor.run(TestNGExecutor.java:135)\n\tat org.apache.maven.surefire.testng.TestNGDirectoryTestSuite.executeMulti(TestNGDirectoryTestSuite.java:193)\n\tat org.apache.maven.surefire.testng.TestNGDirectoryTestSuite.execute(TestNGDirectoryTestSuite.java:94)\n\tat org.apache.maven.surefire.testng.TestNGProvider.invoke(TestNGProvider.java:146)\n\tat org.apache.maven.surefire.booter.ForkedBooter.invokeProviderInSameClassLoader(ForkedBooter.java:386)\n\tat org.apache.maven.surefire.booter.ForkedBooter.runSuitesInProcess(ForkedBooter.java:323)\n\tat org.apache.maven.surefire.booter.ForkedBooter.main(ForkedBooter.java:143)\nCaused by: com.microsoft.playwright.impl.DriverException: Error {\n  message='Element is not attached to the DOM\n=========================== logs ===========================\n  waiting for element to be stable\n  element is stable\n============================================================\n  name='Error\n  stack='Error: Element is not attached to the DOM\n=========================== logs ===========================\n  waiting for element to be stable\n  element is stable\n============================================================\n    at throwRetargetableDOMError (/tmp/playwright-java-16505420200791709735/package/lib/server/dom.js:822:46)\n    at ElementHandle._waitAndScrollIntoViewIfNeeded (/tmp/playwright-java-16505420200791709735/package/lib/server/dom.js:195:22)\n    at async ProgressController.run (/tmp/playwright-java-16505420200791709735/package/lib/server/progress.js:92:22)\n    at async ElementHandleDispatcher.scrollIntoViewIfNeeded (/tmp/playwright-java-16505420200791709735/package/lib/server/dispatchers/elementHandlerDispatcher.js:124:5)\n    at async DispatcherConnection.dispatch (/tmp/playwright-java-16505420200791709735/package/lib/server/dispatchers/dispatcher.js:346:22)\n}\n\tat com.microsoft.playwright.impl.Connection.dispatch(Connection.java:226)\n\tat com.microsoft.playwright.impl.Connection.processOneMessage(Connection.java:206)\n\tat com.microsoft.playwright.impl.ChannelOwner.runUntil(ChannelOwner.java:118)\n\t... 52 more\n","steps":[{"name":"Click side menu 'Performance'.","time":{"start":1706645750994,"stop":1706645751327,"duration":333},"status":"passed","steps":[],"attachments":[],"parameters":[],"shouldDisplayMessage":false,"stepsCount":0,"attachmentsCount":0,"hasContent":false,"attachmentStep":false},{"name":"Click side menu 'Home'.","time":{"start":1706645751349,"stop":1706645752303,"duration":954},"status":"broken","statusMessage":"Error {\n  message='Element is not attached to the DOM\n=========================== logs ===========================\n  waiting for element to be stable\n  element is stable\n============================================================\n  name='Error\n  stack='Error: Element is not attached to the DOM\n=========================== logs ===========================\n  waiting for element to be stable\n  element is stable\n============================================================\n    at throwRetargetableDOMError (/tmp/playwright-java-16505420200791709735/package/lib/server/dom.js:822:46)\n    at ElementHandle._waitAndScrollIntoViewIfNeeded (/tmp/playwright-java-16505420200791709735/package/lib/server/dom.js:195:22)\n    at async ProgressController.run (/tmp/playwright-java-16505420200791709735/package/lib/server/progress.js:92:22)\n    at async ElementHandleDispatcher.scrollIntoViewIfNeeded (/tmp/playwright-java-16505420200791709735/package/lib/server/dispatchers/elementHandlerDispatcher.js:124:5)\n    at async DispatcherConnection.dispatch (/tmp/playwright-java-16505420200791709735/package/lib/server/dispatchers/dispatcher.js:346:22)\n}","statusTrace":"com.microsoft.playwright.PlaywrightException: Error {\n  message='Element is not attached to the DOM\n=========================== logs ===========================\n  waiting for element to be stable\n  element is stable\n============================================================\n  name='Error\n  stack='Error: Element is not attached to the DOM\n=========================== logs ===========================\n  waiting for element to be stable\n  element is stable\n============================================================\n    at throwRetargetableDOMError (/tmp/playwright-java-16505420200791709735/package/lib/server/dom.js:822:46)\n    at ElementHandle._waitAndScrollIntoViewIfNeeded (/tmp/playwright-java-16505420200791709735/package/lib/server/dom.js:195:22)\n    at async ProgressController.run (/tmp/playwright-java-16505420200791709735/package/lib/server/progress.js:92:22)\n    at async ElementHandleDispatcher.scrollIntoViewIfNeeded (/tmp/playwright-java-16505420200791709735/package/lib/server/dispatchers/elementHandlerDispatcher.js:124:5)\n    at async DispatcherConnection.dispatch (/tmp/playwright-java-16505420200791709735/package/lib/server/dispatchers/dispatcher.js:346:22)\n}\n\tat com.microsoft.playwright.impl.WaitableResult.get(WaitableResult.java:54)\n\tat com.microsoft.playwright.impl.ChannelOwner.runUntil(ChannelOwner.java:120)\n\tat com.microsoft.playwright.impl.Connection.sendMessage(Connection.java:126)\n\tat com.microsoft.playwright.impl.ChannelOwner.sendMessage(ChannelOwner.java:106)\n\tat com.microsoft.playwright.impl.ElementHandleImpl.scrollIntoViewIfNeededImpl(ElementHandleImpl.java:399)\n\tat com.microsoft.playwright.impl.ElementHandleImpl.lambda$scrollIntoViewIfNeeded$26(ElementHandleImpl.java:361)\n\tat com.microsoft.playwright.impl.LoggingSupport.lambda$withLogging$0(LoggingSupport.java:36)\n\tat com.microsoft.playwright.impl.LoggingSupport.withLogging(LoggingSupport.java:47)\n\tat com.microsoft.playwright.impl.ChannelOwner.withLogging(ChannelOwner.java:89)\n\tat com.microsoft.playwright.impl.LoggingSupport.withLogging(LoggingSupport.java:35)\n\tat com.microsoft.playwright.impl.ElementHandleImpl.scrollIntoViewIfNeeded(ElementHandleImpl.java:361)\n\tat com.microsoft.playwright.impl.LocatorImpl.lambda$scrollIntoViewIfNeeded$5(LocatorImpl.java:452)\n\tat com.microsoft.playwright.impl.LocatorImpl.withElement(LocatorImpl.java:66)\n\tat com.microsoft.playwright.impl.LocatorImpl.scrollIntoViewIfNeeded(LocatorImpl.java:451)\n\tat com.microsoft.playwright.Locator.scrollIntoViewIfNeeded(Locator.java:4205)\n\tat pages.BaseLocator.getList(BaseLocator.java:147)\n\tat pages.BaseLocator.allCheckboxes(BaseLocator.java:120)\n\tat pages.HomePage.<init>(HomePage.java:19)\n\tat pages.BaseSideMenu.clickHomeMenu(BaseSideMenu.java:24)\n\tat pages.PerformancePage.clickHomeMenu(PerformancePage.java:13)\n\tat pages.PreconditionPage.getNumberOfQuestions(PreconditionPage.java:228)\n\tat tests.PerformanceTest.testDisplayingStatisticsForTests(PerformanceTest.java:32)\n\tat java.base/jdk.internal.reflect.NativeMethodAccessorImpl.invoke0(Native Method)\n\tat java.base/jdk.internal.reflect.NativeMethodAccessorImpl.invoke(NativeMethodAccessorImpl.java:77)\n\tat java.base/jdk.internal.reflect.DelegatingMethodAccessorImpl.invoke(DelegatingMethodAccessorImpl.java:43)\n\tat java.base/java.lang.reflect.Method.invoke(Method.java:568)\n\tat org.testng.internal.invokers.MethodInvocationHelper.invokeMethod(MethodInvocationHelper.java:139)\n\tat org.testng.internal.invokers.TestInvoker.invokeMethod(TestInvoker.java:664)\n\tat org.testng.internal.invokers.TestInvoker.invokeTestMethod(TestInvoker.java:227)\n\tat org.testng.internal.invokers.MethodRunner.runInSequence(MethodRunner.java:50)\n\tat org.testng.internal.invokers.TestInvoker$MethodInvocationAgent.invoke(TestInvoker.java:957)\n\tat org.testng.internal.invokers.TestInvoker.invokeTestMethods(TestInvoker.java:200)\n\tat org.testng.internal.invokers.TestMethodWorker.invokeTestMethods(TestMethodWorker.java:148)\n\tat org.testng.internal.invokers.TestMethodWorker.run(TestMethodWorker.java:128)\n\tat java.base/java.util.ArrayList.forEach(ArrayList.java:1511)\n\tat org.testng.TestRunner.privateRun(TestRunner.java:848)\n\tat org.testng.TestRunner.run(TestRunner.java:621)\n\tat org.testng.SuiteRunner.runTest(SuiteRunner.java:443)\n\tat org.testng.SuiteRunner.runSequentially(SuiteRunner.java:437)\n\tat org.testng.SuiteRunner.privateRun(SuiteRunner.java:397)\n\tat org.testng.SuiteRunner.run(SuiteRunner.java:336)\n\tat org.testng.SuiteRunnerWorker.runSuite(SuiteRunnerWorker.java:52)\n\tat org.testng.SuiteRunnerWorker.run(SuiteRunnerWorker.java:95)\n\tat org.testng.TestNG.runSuitesSequentially(TestNG.java:1280)\n\tat org.testng.TestNG.runSuitesLocally(TestNG.java:1200)\n\tat org.testng.TestNG.runSuites(TestNG.java:1114)\n\tat org.testng.TestNG.run(TestNG.java:1082)\n\tat org.apache.maven.surefire.testng.TestNGExecutor.run(TestNGExecutor.java:135)\n\tat org.apache.maven.surefire.testng.TestNGDirectoryTestSuite.executeMulti(TestNGDirectoryTestSuite.java:193)\n\tat org.apache.maven.surefire.testng.TestNGDirectoryTestSuite.execute(TestNGDirectoryTestSuite.java:94)\n\tat org.apache.maven.surefire.testng.TestNGProvider.invoke(TestNGProvider.java:146)\n\tat org.apache.maven.surefire.booter.ForkedBooter.invokeProviderInSameClassLoader(ForkedBooter.java:386)\n\tat org.apache.maven.surefire.booter.ForkedBooter.runSuitesInProcess(ForkedBooter.java:323)\n\tat org.apache.maven.surefire.booter.ForkedBooter.main(ForkedBooter.java:143)\nCaused by: com.microsoft.playwright.impl.DriverException: Error {\n  message='Element is not attached to the DOM\n=========================== logs ===========================\n  waiting for element to be stable\n  element is stable\n============================================================\n  name='Error\n  stack='Error: Element is not attached to the DOM\n=========================== logs ===========================\n  waiting for element to be stable\n  element is stable\n============================================================\n    at throwRetargetableDOMError (/tmp/playwright-java-16505420200791709735/package/lib/server/dom.js:822:46)\n    at ElementHandle._waitAndScrollIntoViewIfNeeded (/tmp/playwright-java-16505420200791709735/package/lib/server/dom.js:195:22)\n    at async ProgressController.run (/tmp/playwright-java-16505420200791709735/package/lib/server/progress.js:92:22)\n    at async ElementHandleDispatcher.scrollIntoViewIfNeeded (/tmp/playwright-java-16505420200791709735/package/lib/server/dispatchers/elementHandlerDispatcher.js:124:5)\n    at async DispatcherConnection.dispatch (/tmp/playwright-java-16505420200791709735/package/lib/server/dispatchers/dispatcher.js:346:22)\n}\n\tat com.microsoft.playwright.impl.Connection.dispatch(Connection.java:226)\n\tat com.microsoft.playwright.impl.Connection.processOneMessage(Connection.java:206)\n\tat com.microsoft.playwright.impl.ChannelOwner.runUntil(ChannelOwner.java:118)\n\t... 52 more\n","steps":[],"attachments":[],"parameters":[],"shouldDisplayMessage":true,"stepsCount":0,"attachmentsCount":0,"hasContent":true,"attachmentStep":false}],"attachments":[],"parameters":[],"shouldDisplayMessage":false,"stepsCount":2,"attachmentsCount":0,"hasContent":true,"attachmentStep":false}],"attachments":[],"parameters":[],"shouldDisplayMessage":false,"stepsCount":3,"attachmentsCount":0,"hasContent":true,"attachmentStep":false},"afterStages":[{"name":"closeContext","time":{"start":1706645752315,"stop":1706645753201,"duration":886},"description":"","status":"passed","steps":[],"attachments":[{"uid":"9fa38adc2ab730f3","name":"screenshot","source":"9fa38adc2ab730f3.png","type":"image/png","size":159521},{"uid":"5055f62eef71ee56","name":"video","source":"5055f62eef71ee56.webm","type":"videos/webm","size":595218},{"uid":"2d91abc12d359272","name":"tracing","source":"2d91abc12d359272.zip","type":"archive/zip","size":8167093}],"parameters":[],"shouldDisplayMessage":false,"stepsCount":0,"attachmentsCount":3,"hasContent":true,"attachmentStep":false}],"labels":[{"name":"package","value":"tests.PerformanceTest"},{"name":"testClass","value":"tests.PerformanceTest"},{"name":"testMethod","value":"testDisplayingStatisticsForTests"},{"name":"parentSuite","value":"Surefire suite"},{"name":"suite","value":"Surefire test"},{"name":"subSuite","value":"tests.PerformanceTest"},{"name":"host","value":"fv-az702-516"},{"name":"thread","value":"4839@fv-az702-516.main(1)"},{"name":"framework","value":"testng"},{"name":"language","value":"java"},{"name":"story","value":"Performance"},{"name":"resultFormat","value":"allure2"}],"parameters":[],"links":[{"name":"p0i1q95cgr11","url":"https://docs.google.com/document/d/1wA-chgwZVZ9nqAXFTYoMyFLLejBkwYfkNHCImvvAlMo/edit?pli=1#heading=h.p0i1q95cgr11","type":"tms"}],"hidden":false,"retry":false,"extra":{"severity":"normal","retries":[],"categories":[{"name":"Test defects","matchedStatuses":[],"flaky":false}],"history":{"statistic":{"failed":0,"broken":1,"skipped":0,"passed":4,"unknown":0,"total":5},"items":[{"uid":"bc44fafd836601e7","reportUrl":"https://DragonPWJur.github.io/DragonJur/429//#testresult/bc44fafd836601e7","status":"passed","time":{"start":1706644895821,"stop":1706644917203,"duration":21382}},{"uid":"c19e4daa6080b59c","reportUrl":"https://DragonPWJur.github.io/DragonJur/427//#testresult/c19e4daa6080b59c","status":"passed","time":{"start":1706643885099,"stop":1706643911443,"duration":26344}},{"uid":"e92ca3ab0254c2d6","reportUrl":"https://DragonPWJur.github.io/DragonJur/428//#testresult/e92ca3ab0254c2d6","status":"passed","time":{"start":1706643135895,"stop":1706643160794,"duration":24899}},{"uid":"9c630f90d2b57d7f","reportUrl":"https://DragonPWJur.github.io/DragonJur/427//#testresult/9c630f90d2b57d7f","status":"passed","time":{"start":1706642894325,"stop":1706642920292,"duration":25967}}]},"tags":[]},"source":"d523bb94bed3ff74.json","parameterValues":[]}